{"/Users/yuhsh7/Desktop/lixiangdeduian/2025/2025-1/dbs/ex8/backend/src/config.js": {"path":"/Users/yuhsh7/Desktop/lixiangdeduian/2025/2025-1/dbs/ex8/backend/src/config.js","statementMap":{"0":{"start":{"line":1,"column":13},"end":{"line":1,"column":28}},"1":{"start":{"line":2,"column":15},"end":{"line":2,"column":32}},"2":{"start":{"line":4,"column":0},"end":{"line":4,"column":60}},"3":{"start":{"line":6,"column":15},"end":{"line":13,"column":1}},"4":{"start":{"line":15,"column":0},"end":{"line":15,"column":24}}},"fnMap":{},"branchMap":{"0":{"loc":{"start":{"line":7,"column":10},"end":{"line":7,"column":44}},"type":"binary-expr","locations":[{"start":{"line":7,"column":10},"end":{"line":7,"column":29}},{"start":{"line":7,"column":33},"end":{"line":7,"column":44}}],"line":7},"1":{"loc":{"start":{"line":8,"column":17},"end":{"line":8,"column":44}},"type":"binary-expr","locations":[{"start":{"line":8,"column":17},"end":{"line":8,"column":36}},{"start":{"line":8,"column":40},"end":{"line":8,"column":44}}],"line":8},"2":{"loc":{"start":{"line":9,"column":10},"end":{"line":9,"column":39}},"type":"binary-expr","locations":[{"start":{"line":9,"column":10},"end":{"line":9,"column":29}},{"start":{"line":9,"column":33},"end":{"line":9,"column":39}}],"line":9},"3":{"loc":{"start":{"line":10,"column":14},"end":{"line":10,"column":43}},"type":"binary-expr","locations":[{"start":{"line":10,"column":14},"end":{"line":10,"column":37}},{"start":{"line":10,"column":41},"end":{"line":10,"column":43}}],"line":10},"4":{"loc":{"start":{"line":11,"column":10},"end":{"line":11,"column":48}},"type":"binary-expr","locations":[{"start":{"line":11,"column":10},"end":{"line":11,"column":29}},{"start":{"line":11,"column":33},"end":{"line":11,"column":48}}],"line":11},"5":{"loc":{"start":{"line":12,"column":15},"end":{"line":12,"column":39}},"type":"binary-expr","locations":[{"start":{"line":12,"column":15},"end":{"line":12,"column":31}},{"start":{"line":12,"column":35},"end":{"line":12,"column":39}}],"line":12}},"s":{"0":3,"1":3,"2":3,"3":3,"4":3},"f":{},"b":{"0":[3,0],"1":[3,0],"2":[3,0],"3":[3,0],"4":[3,0],"5":[3,0]},"_coverageSchema":"1a1c01bbd47fc00a2c39e90264f33305004495a9","hash":"4f88a1e614ffee4131507cd79e68fd31ceac7ffd"}
,"/Users/yuhsh7/Desktop/lixiangdeduian/2025/2025-1/dbs/ex8/backend/src/dbRole.js": {"path":"/Users/yuhsh7/Desktop/lixiangdeduian/2025/2025-1/dbs/ex8/backend/src/dbRole.js","statementMap":{"0":{"start":{"line":1,"column":18},"end":{"line":1,"column":33}},"1":{"start":{"line":2,"column":15},"end":{"line":2,"column":34}},"2":{"start":{"line":5,"column":2},"end":{"line":5,"column":58}},"3":{"start":{"line":5,"column":46},"end":{"line":5,"column":58}},"4":{"start":{"line":6,"column":2},"end":{"line":6,"column":14}},"5":{"start":{"line":10,"column":15},"end":{"line":10,"column":67}},"6":{"start":{"line":11,"column":19},"end":{"line":11,"column":43}},"7":{"start":{"line":12,"column":2},"end":{"line":14,"column":3}},"8":{"start":{"line":13,"column":4},"end":{"line":13,"column":41}},"9":{"start":{"line":15,"column":2},"end":{"line":28,"column":3}},"10":{"start":{"line":16,"column":4},"end":{"line":16,"column":67}},"11":{"start":{"line":17,"column":4},"end":{"line":24,"column":5}},"12":{"start":{"line":18,"column":6},"end":{"line":21,"column":9}},"13":{"start":{"line":23,"column":6},"end":{"line":23,"column":77}},"14":{"start":{"line":26,"column":17},"end":{"line":26,"column":260}},"15":{"start":{"line":27,"column":4},"end":{"line":27,"column":47}},"16":{"start":{"line":31,"column":0},"end":{"line":34,"column":2}}},"fnMap":{"0":{"name":"sanitizeIdentifier","decl":{"start":{"line":4,"column":9},"end":{"line":4,"column":27}},"loc":{"start":{"line":4,"column":34},"end":{"line":7,"column":1}},"line":4},"1":{"name":"setRole","decl":{"start":{"line":9,"column":15},"end":{"line":9,"column":22}},"loc":{"start":{"line":9,"column":63},"end":{"line":29,"column":1}},"line":9}},"branchMap":{"0":{"loc":{"start":{"line":5,"column":2},"end":{"line":5,"column":58}},"type":"if","locations":[{"start":{"line":5,"column":2},"end":{"line":5,"column":58}},{"start":{},"end":{}}],"line":5},"1":{"loc":{"start":{"line":5,"column":6},"end":{"line":5,"column":44}},"type":"binary-expr","locations":[{"start":{"line":5,"column":6},"end":{"line":5,"column":11}},{"start":{"line":5,"column":15},"end":{"line":5,"column":44}}],"line":5},"2":{"loc":{"start":{"line":9,"column":46},"end":{"line":9,"column":61}},"type":"default-arg","locations":[{"start":{"line":9,"column":57},"end":{"line":9,"column":61}}],"line":9},"3":{"loc":{"start":{"line":10,"column":15},"end":{"line":10,"column":67}},"type":"cond-expr","locations":[{"start":{"line":10,"column":44},"end":{"line":10,"column":56}},{"start":{"line":10,"column":59},"end":{"line":10,"column":67}}],"line":10},"4":{"loc":{"start":{"line":12,"column":2},"end":{"line":14,"column":3}},"type":"if","locations":[{"start":{"line":12,"column":2},"end":{"line":14,"column":3}},{"start":{},"end":{}}],"line":12},"5":{"loc":{"start":{"line":17,"column":4},"end":{"line":24,"column":5}},"type":"if","locations":[{"start":{"line":17,"column":4},"end":{"line":24,"column":5}},{"start":{"line":22,"column":11},"end":{"line":24,"column":5}}],"line":17}},"s":{"0":2,"1":2,"2":0,"3":0,"4":0,"5":0,"6":0,"7":0,"8":0,"9":0,"10":0,"11":0,"12":0,"13":0,"14":0,"15":0,"16":2},"f":{"0":0,"1":0},"b":{"0":[0,0],"1":[0,0],"2":[0],"3":[0,0],"4":[0,0],"5":[0,0]},"_coverageSchema":"1a1c01bbd47fc00a2c39e90264f33305004495a9","hash":"b516e254e7e8317ecc1e569e3cdff8cbf2f9b7f6"}
,"/Users/yuhsh7/Desktop/lixiangdeduian/2025/2025-1/dbs/ex8/backend/src/nameMap.js": {"path":"/Users/yuhsh7/Desktop/lixiangdeduian/2025/2025-1/dbs/ex8/backend/src/nameMap.js","statementMap":{"0":{"start":{"line":2,"column":22},"end":{"line":41,"column":1}},"1":{"start":{"line":44,"column":2},"end":{"line":44,"column":66}},"2":{"start":{"line":44,"column":33},"end":{"line":44,"column":66}},"3":{"start":{"line":45,"column":2},"end":{"line":45,"column":79}},"4":{"start":{"line":45,"column":49},"end":{"line":45,"column":79}},"5":{"start":{"line":46,"column":2},"end":{"line":46,"column":20}},"6":{"start":{"line":49,"column":0},"end":{"line":49,"column":40}}},"fnMap":{"0":{"name":"resolveDisplayName","decl":{"start":{"line":43,"column":9},"end":{"line":43,"column":27}},"loc":{"start":{"line":43,"column":57},"end":{"line":47,"column":1}},"line":43}},"branchMap":{"0":{"loc":{"start":{"line":44,"column":2},"end":{"line":44,"column":66}},"type":"if","locations":[{"start":{"line":44,"column":2},"end":{"line":44,"column":66}},{"start":{},"end":{}}],"line":44},"1":{"loc":{"start":{"line":45,"column":2},"end":{"line":45,"column":79}},"type":"if","locations":[{"start":{"line":45,"column":2},"end":{"line":45,"column":79}},{"start":{},"end":{}}],"line":45},"2":{"loc":{"start":{"line":45,"column":6},"end":{"line":45,"column":47}},"type":"binary-expr","locations":[{"start":{"line":45,"column":6},"end":{"line":45,"column":21}},{"start":{"line":45,"column":25},"end":{"line":45,"column":47}}],"line":45}},"s":{"0":4,"1":6,"2":1,"3":5,"4":4,"5":1,"6":4},"f":{"0":6},"b":{"0":[1,5],"1":[4,1],"2":[5,4]},"_coverageSchema":"1a1c01bbd47fc00a2c39e90264f33305004495a9","hash":"a6362a4400ce424d19515a89481eb1ffa9b3fb9b"}
,"/Users/yuhsh7/Desktop/lixiangdeduian/2025/2025-1/dbs/ex8/backend/src/routinesService.js": {"path":"/Users/yuhsh7/Desktop/lixiangdeduian/2025/2025-1/dbs/ex8/backend/src/routinesService.js","statementMap":{"0":{"start":{"line":1,"column":23},"end":{"line":1,"column":43}},"1":{"start":{"line":2,"column":18},"end":{"line":2,"column":33}},"2":{"start":{"line":3,"column":40},"end":{"line":3,"column":59}},"3":{"start":{"line":6,"column":2},"end":{"line":6,"column":66}},"4":{"start":{"line":10,"column":2},"end":{"line":10,"column":84}},"5":{"start":{"line":14,"column":14},"end":{"line":14,"column":24}},"6":{"start":{"line":15,"column":16},"end":{"line":15,"column":26}},"7":{"start":{"line":16,"column":2},"end":{"line":16,"column":42}},"8":{"start":{"line":17,"column":17},"end":{"line":17,"column":52}},"9":{"start":{"line":17,"column":24},"end":{"line":17,"column":52}},"10":{"start":{"line":18,"column":2},"end":{"line":18,"column":52}},"11":{"start":{"line":22,"column":2},"end":{"line":22,"column":89}},"12":{"start":{"line":22,"column":37},"end":{"line":22,"column":86}},"13":{"start":{"line":26,"column":15},"end":{"line":33,"column":3}},"14":{"start":{"line":34,"column":2},"end":{"line":34,"column":31}},"15":{"start":{"line":38,"column":15},"end":{"line":50,"column":3}},"16":{"start":{"line":51,"column":2},"end":{"line":51,"column":31}},"17":{"start":{"line":51,"column":25},"end":{"line":51,"column":29}},"18":{"start":{"line":55,"column":15},"end":{"line":65,"column":3}},"19":{"start":{"line":66,"column":2},"end":{"line":66,"column":31}},"20":{"start":{"line":70,"column":15},"end":{"line":79,"column":3}},"21":{"start":{"line":80,"column":2},"end":{"line":80,"column":31}},"22":{"start":{"line":84,"column":15},"end":{"line":92,"column":3}},"23":{"start":{"line":93,"column":2},"end":{"line":93,"column":27}},"24":{"start":{"line":97,"column":15},"end":{"line":105,"column":3}},"25":{"start":{"line":106,"column":2},"end":{"line":106,"column":31}},"26":{"start":{"line":110,"column":15},"end":{"line":123,"column":3}},"27":{"start":{"line":124,"column":2},"end":{"line":124,"column":27}},"28":{"start":{"line":128,"column":18},"end":{"line":128,"column":20}},"29":{"start":{"line":129,"column":2},"end":{"line":131,"column":5}},"30":{"start":{"line":130,"column":4},"end":{"line":130,"column":62}},"31":{"start":{"line":132,"column":2},"end":{"line":132,"column":17}},"32":{"start":{"line":135,"column":27},"end":{"line":416,"column":1}},"33":{"start":{"line":158,"column":18},"end":{"line":158,"column":28}},"34":{"start":{"line":159,"column":19},"end":{"line":159,"column":41}},"35":{"start":{"line":160,"column":6},"end":{"line":171,"column":8}},"36":{"start":{"line":188,"column":24},"end":{"line":188,"column":60}},"37":{"start":{"line":189,"column":6},"end":{"line":189,"column":56}},"38":{"start":{"line":189,"column":22},"end":{"line":189,"column":56}},"39":{"start":{"line":190,"column":6},"end":{"line":196,"column":8}},"40":{"start":{"line":217,"column":24},"end":{"line":217,"column":64}},"41":{"start":{"line":218,"column":6},"end":{"line":227,"column":7}},"42":{"start":{"line":219,"column":26},"end":{"line":219,"column":79}},"43":{"start":{"line":220,"column":8},"end":{"line":226,"column":9}},"44":{"start":{"line":221,"column":10},"end":{"line":225,"column":12}},"45":{"start":{"line":228,"column":6},"end":{"line":228,"column":52}},"46":{"start":{"line":246,"column":26},"end":{"line":246,"column":77}},"47":{"start":{"line":247,"column":6},"end":{"line":247,"column":64}},"48":{"start":{"line":247,"column":24},"end":{"line":247,"column":64}},"49":{"start":{"line":248,"column":6},"end":{"line":251,"column":8}},"50":{"start":{"line":265,"column":24},"end":{"line":265,"column":61}},"51":{"start":{"line":266,"column":6},"end":{"line":266,"column":64}},"52":{"start":{"line":266,"column":22},"end":{"line":266,"column":64}},"53":{"start":{"line":267,"column":6},"end":{"line":270,"column":8}},"54":{"start":{"line":289,"column":22},"end":{"line":289,"column":62}},"55":{"start":{"line":290,"column":6},"end":{"line":290,"column":56}},"56":{"start":{"line":290,"column":20},"end":{"line":290,"column":56}},"57":{"start":{"line":291,"column":24},"end":{"line":294,"column":7}},"58":{"start":{"line":295,"column":6},"end":{"line":300,"column":8}},"59":{"start":{"line":318,"column":22},"end":{"line":318,"column":62}},"60":{"start":{"line":319,"column":6},"end":{"line":319,"column":58}},"61":{"start":{"line":319,"column":20},"end":{"line":319,"column":58}},"62":{"start":{"line":320,"column":24},"end":{"line":320,"column":99}},"63":{"start":{"line":321,"column":24},"end":{"line":321,"column":95}},"64":{"start":{"line":322,"column":6},"end":{"line":326,"column":8}},"65":{"start":{"line":344,"column":20},"end":{"line":344,"column":39}},"66":{"start":{"line":345,"column":6},"end":{"line":348,"column":8}},"67":{"start":{"line":365,"column":20},"end":{"line":365,"column":39}},"68":{"start":{"line":366,"column":6},"end":{"line":369,"column":8}},"69":{"start":{"line":388,"column":20},"end":{"line":388,"column":39}},"70":{"start":{"line":389,"column":6},"end":{"line":392,"column":8}},"71":{"start":{"line":409,"column":20},"end":{"line":409,"column":39}},"72":{"start":{"line":410,"column":6},"end":{"line":413,"column":8}},"73":{"start":{"line":419,"column":15},"end":{"line":419,"column":39}},"74":{"start":{"line":420,"column":2},"end":{"line":420,"column":25}},"75":{"start":{"line":420,"column":13},"end":{"line":420,"column":25}},"76":{"start":{"line":421,"column":2},"end":{"line":421,"column":65}},"77":{"start":{"line":421,"column":40},"end":{"line":421,"column":55}},"78":{"start":{"line":425,"column":2},"end":{"line":425,"column":39}},"79":{"start":{"line":425,"column":27},"end":{"line":425,"column":39}},"80":{"start":{"line":426,"column":2},"end":{"line":432,"column":3}},"81":{"start":{"line":427,"column":16},"end":{"line":427,"column":29}},"82":{"start":{"line":428,"column":4},"end":{"line":430,"column":5}},"83":{"start":{"line":429,"column":6},"end":{"line":429,"column":58}},"84":{"start":{"line":431,"column":4},"end":{"line":431,"column":15}},"85":{"start":{"line":433,"column":2},"end":{"line":433,"column":15}},"86":{"start":{"line":437,"column":17},"end":{"line":437,"column":19}},"87":{"start":{"line":438,"column":2},"end":{"line":445,"column":5}},"88":{"start":{"line":439,"column":16},"end":{"line":439,"column":53}},"89":{"start":{"line":440,"column":18},"end":{"line":440,"column":45}},"90":{"start":{"line":441,"column":4},"end":{"line":443,"column":5}},"91":{"start":{"line":442,"column":6},"end":{"line":442,"column":54}},"92":{"start":{"line":444,"column":4},"end":{"line":444,"column":27}},"93":{"start":{"line":446,"column":2},"end":{"line":446,"column":16}},"94":{"start":{"line":450,"column":2},"end":{"line":450,"column":44}},"95":{"start":{"line":450,"column":34},"end":{"line":450,"column":44}},"96":{"start":{"line":451,"column":2},"end":{"line":453,"column":3}},"97":{"start":{"line":452,"column":4},"end":{"line":452,"column":74}},"98":{"start":{"line":452,"column":36},"end":{"line":452,"column":52}},"99":{"start":{"line":452,"column":68},"end":{"line":452,"column":72}},"100":{"start":{"line":454,"column":2},"end":{"line":456,"column":3}},"101":{"start":{"line":455,"column":4},"end":{"line":455,"column":24}},"102":{"start":{"line":457,"column":2},"end":{"line":457,"column":12}},"103":{"start":{"line":461,"column":2},"end":{"line":468,"column":6}},"104":{"start":{"line":461,"column":40},"end":{"line":468,"column":3}},"105":{"start":{"line":472,"column":18},"end":{"line":472,"column":34}},"106":{"start":{"line":473,"column":2},"end":{"line":475,"column":3}},"107":{"start":{"line":474,"column":4},"end":{"line":474,"column":31}},"108":{"start":{"line":476,"column":2},"end":{"line":483,"column":5}},"109":{"start":{"line":477,"column":4},"end":{"line":477,"column":68}},"110":{"start":{"line":478,"column":4},"end":{"line":480,"column":5}},"111":{"start":{"line":479,"column":6},"end":{"line":479,"column":66}},"112":{"start":{"line":481,"column":19},"end":{"line":481,"column":60}},"113":{"start":{"line":482,"column":4},"end":{"line":482,"column":22}},"114":{"start":{"line":487,"column":18},"end":{"line":487,"column":34}},"115":{"start":{"line":488,"column":2},"end":{"line":490,"column":3}},"116":{"start":{"line":489,"column":4},"end":{"line":489,"column":31}},"117":{"start":{"line":491,"column":17},"end":{"line":491,"column":49}},"118":{"start":{"line":492,"column":20},"end":{"line":492,"column":72}},"119":{"start":{"line":492,"column":65},"end":{"line":492,"column":71}},"120":{"start":{"line":494,"column":2},"end":{"line":518,"column":5}},"121":{"start":{"line":495,"column":4},"end":{"line":495,"column":68}},"122":{"start":{"line":496,"column":25},"end":{"line":499,"column":16}},"123":{"start":{"line":497,"column":35},"end":{"line":497,"column":47}},"124":{"start":{"line":498,"column":30},"end":{"line":498,"column":37}},"125":{"start":{"line":500,"column":20},"end":{"line":500,"column":63}},"126":{"start":{"line":501,"column":23},"end":{"line":505,"column":6}},"127":{"start":{"line":507,"column":18},"end":{"line":507,"column":20}},"128":{"start":{"line":508,"column":4},"end":{"line":512,"column":5}},"129":{"start":{"line":509,"column":24},"end":{"line":509,"column":84}},"130":{"start":{"line":509,"column":55},"end":{"line":509,"column":70}},"131":{"start":{"line":510,"column":22},"end":{"line":510,"column":96}},"132":{"start":{"line":511,"column":6},"end":{"line":511,"column":35}},"133":{"start":{"line":514,"column":4},"end":{"line":517,"column":6}},"134":{"start":{"line":521,"column":0},"end":{"line":525,"column":2}}},"fnMap":{"0":{"name":"randomPhone","decl":{"start":{"line":5,"column":9},"end":{"line":5,"column":20}},"loc":{"start":{"line":5,"column":23},"end":{"line":7,"column":1}},"line":5},"1":{"name":"randomId","decl":{"start":{"line":9,"column":9},"end":{"line":9,"column":17}},"loc":{"start":{"line":9,"column":26},"end":{"line":11,"column":1}},"line":9},"2":{"name":"dateRangeExample","decl":{"start":{"line":13,"column":9},"end":{"line":13,"column":25}},"loc":{"start":{"line":13,"column":40},"end":{"line":19,"column":1}},"line":13},"3":{"name":"(anonymous_3)","decl":{"start":{"line":17,"column":17},"end":{"line":17,"column":18}},"loc":{"start":{"line":17,"column":24},"end":{"line":17,"column":52}},"line":17},"4":{"name":"normalizeOutputs","decl":{"start":{"line":21,"column":9},"end":{"line":21,"column":25}},"loc":{"start":{"line":21,"column":35},"end":{"line":23,"column":1}},"line":21},"5":{"name":"(anonymous_5)","decl":{"start":{"line":22,"column":29},"end":{"line":22,"column":30}},"loc":{"start":{"line":22,"column":37},"end":{"line":22,"column":86}},"line":22},"6":{"name":"pickActivePatient","decl":{"start":{"line":25,"column":15},"end":{"line":25,"column":32}},"loc":{"start":{"line":25,"column":46},"end":{"line":35,"column":1}},"line":25},"7":{"name":"pickScheduleWithQuota","decl":{"start":{"line":37,"column":15},"end":{"line":37,"column":36}},"loc":{"start":{"line":37,"column":50},"end":{"line":52,"column":1}},"line":37},"8":{"name":"(anonymous_8)","decl":{"start":{"line":51,"column":18},"end":{"line":51,"column":19}},"loc":{"start":{"line":51,"column":25},"end":{"line":51,"column":29}},"line":51},"9":{"name":"pickPatientForSchedule","decl":{"start":{"line":54,"column":15},"end":{"line":54,"column":37}},"loc":{"start":{"line":54,"column":63},"end":{"line":67,"column":1}},"line":54},"10":{"name":"pickEncounterWithUnbilledCharges","decl":{"start":{"line":69,"column":15},"end":{"line":69,"column":47}},"loc":{"start":{"line":69,"column":61},"end":{"line":81,"column":1}},"line":69},"11":{"name":"pickInvoiceForPayment","decl":{"start":{"line":83,"column":15},"end":{"line":83,"column":36}},"loc":{"start":{"line":83,"column":50},"end":{"line":94,"column":1}},"line":83},"12":{"name":"pickInvoiceForVoid","decl":{"start":{"line":96,"column":15},"end":{"line":96,"column":33}},"loc":{"start":{"line":96,"column":47},"end":{"line":107,"column":1}},"line":96},"13":{"name":"pickRefundablePayment","decl":{"start":{"line":109,"column":15},"end":{"line":109,"column":36}},"loc":{"start":{"line":109,"column":50},"end":{"line":125,"column":1}},"line":109},"14":{"name":"defaultExampleFromParams","decl":{"start":{"line":127,"column":9},"end":{"line":127,"column":33}},"loc":{"start":{"line":127,"column":42},"end":{"line":133,"column":1}},"line":127},"15":{"name":"(anonymous_15)","decl":{"start":{"line":129,"column":17},"end":{"line":129,"column":18}},"loc":{"start":{"line":129,"column":24},"end":{"line":131,"column":3}},"line":129},"16":{"name":"(anonymous_16)","decl":{"start":{"line":157,"column":20},"end":{"line":157,"column":21}},"loc":{"start":{"line":157,"column":32},"end":{"line":172,"column":5}},"line":157},"17":{"name":"(anonymous_17)","decl":{"start":{"line":187,"column":20},"end":{"line":187,"column":21}},"loc":{"start":{"line":187,"column":43},"end":{"line":197,"column":5}},"line":187},"18":{"name":"(anonymous_18)","decl":{"start":{"line":216,"column":20},"end":{"line":216,"column":21}},"loc":{"start":{"line":216,"column":43},"end":{"line":229,"column":5}},"line":216},"19":{"name":"(anonymous_19)","decl":{"start":{"line":245,"column":20},"end":{"line":245,"column":21}},"loc":{"start":{"line":245,"column":43},"end":{"line":252,"column":5}},"line":245},"20":{"name":"(anonymous_20)","decl":{"start":{"line":264,"column":20},"end":{"line":264,"column":21}},"loc":{"start":{"line":264,"column":43},"end":{"line":271,"column":5}},"line":264},"21":{"name":"(anonymous_21)","decl":{"start":{"line":288,"column":20},"end":{"line":288,"column":21}},"loc":{"start":{"line":288,"column":43},"end":{"line":301,"column":5}},"line":288},"22":{"name":"(anonymous_22)","decl":{"start":{"line":317,"column":20},"end":{"line":317,"column":21}},"loc":{"start":{"line":317,"column":43},"end":{"line":327,"column":5}},"line":317},"23":{"name":"(anonymous_23)","decl":{"start":{"line":343,"column":20},"end":{"line":343,"column":21}},"loc":{"start":{"line":343,"column":32},"end":{"line":349,"column":5}},"line":343},"24":{"name":"(anonymous_24)","decl":{"start":{"line":364,"column":20},"end":{"line":364,"column":21}},"loc":{"start":{"line":364,"column":32},"end":{"line":370,"column":5}},"line":364},"25":{"name":"(anonymous_25)","decl":{"start":{"line":387,"column":20},"end":{"line":387,"column":21}},"loc":{"start":{"line":387,"column":32},"end":{"line":393,"column":5}},"line":387},"26":{"name":"(anonymous_26)","decl":{"start":{"line":408,"column":20},"end":{"line":408,"column":21}},"loc":{"start":{"line":408,"column":32},"end":{"line":414,"column":5}},"line":408},"27":{"name":"getRoutine","decl":{"start":{"line":418,"column":9},"end":{"line":418,"column":19}},"loc":{"start":{"line":418,"column":26},"end":{"line":422,"column":1}},"line":418},"28":{"name":"(anonymous_28)","decl":{"start":{"line":421,"column":33},"end":{"line":421,"column":34}},"loc":{"start":{"line":421,"column":40},"end":{"line":421,"column":55}},"line":421},"29":{"name":"normalizeParamValue","decl":{"start":{"line":424,"column":9},"end":{"line":424,"column":28}},"loc":{"start":{"line":424,"column":41},"end":{"line":434,"column":1}},"line":424},"30":{"name":"validateParams","decl":{"start":{"line":436,"column":9},"end":{"line":436,"column":23}},"loc":{"start":{"line":436,"column":42},"end":{"line":447,"column":1}},"line":436},"31":{"name":"(anonymous_31)","decl":{"start":{"line":438,"column":25},"end":{"line":438,"column":26}},"loc":{"start":{"line":438,"column":32},"end":{"line":445,"column":3}},"line":438},"32":{"name":"cleanResultSets","decl":{"start":{"line":449,"column":9},"end":{"line":449,"column":24}},"loc":{"start":{"line":449,"column":37},"end":{"line":458,"column":1}},"line":449},"33":{"name":"(anonymous_33)","decl":{"start":{"line":452,"column":29},"end":{"line":452,"column":30}},"loc":{"start":{"line":452,"column":36},"end":{"line":452,"column":52}},"line":452},"34":{"name":"(anonymous_34)","decl":{"start":{"line":452,"column":58},"end":{"line":452,"column":59}},"loc":{"start":{"line":452,"column":68},"end":{"line":452,"column":72}},"line":452},"35":{"name":"listRoutines","decl":{"start":{"line":460,"column":15},"end":{"line":460,"column":27}},"loc":{"start":{"line":460,"column":30},"end":{"line":469,"column":1}},"line":460},"36":{"name":"(anonymous_36)","decl":{"start":{"line":461,"column":32},"end":{"line":461,"column":33}},"loc":{"start":{"line":461,"column":40},"end":{"line":468,"column":3}},"line":461},"37":{"name":"buildRoutineExample","decl":{"start":{"line":471,"column":15},"end":{"line":471,"column":34}},"loc":{"start":{"line":471,"column":68},"end":{"line":484,"column":1}},"line":471},"38":{"name":"(anonymous_38)","decl":{"start":{"line":476,"column":31},"end":{"line":476,"column":32}},"loc":{"start":{"line":476,"column":54},"end":{"line":483,"column":3}},"line":476},"39":{"name":"executeRoutine","decl":{"start":{"line":486,"column":15},"end":{"line":486,"column":29}},"loc":{"start":{"line":486,"column":72},"end":{"line":519,"column":1}},"line":486},"40":{"name":"(anonymous_40)","decl":{"start":{"line":492,"column":58},"end":{"line":492,"column":59}},"loc":{"start":{"line":492,"column":65},"end":{"line":492,"column":71}},"line":492},"41":{"name":"(anonymous_41)","decl":{"start":{"line":494,"column":31},"end":{"line":494,"column":32}},"loc":{"start":{"line":494,"column":54},"end":{"line":518,"column":3}},"line":494},"42":{"name":"(anonymous_42)","decl":{"start":{"line":497,"column":28},"end":{"line":497,"column":29}},"loc":{"start":{"line":497,"column":35},"end":{"line":497,"column":47}},"line":497},"43":{"name":"(anonymous_43)","decl":{"start":{"line":498,"column":23},"end":{"line":498,"column":24}},"loc":{"start":{"line":498,"column":30},"end":{"line":498,"column":37}},"line":498},"44":{"name":"(anonymous_44)","decl":{"start":{"line":509,"column":48},"end":{"line":509,"column":49}},"loc":{"start":{"line":509,"column":55},"end":{"line":509,"column":70}},"line":509}},"branchMap":{"0":{"loc":{"start":{"line":13,"column":26},"end":{"line":13,"column":38}},"type":"default-arg","locations":[{"start":{"line":13,"column":37},"end":{"line":13,"column":38}}],"line":13},"1":{"loc":{"start":{"line":22,"column":10},"end":{"line":22,"column":23}},"type":"binary-expr","locations":[{"start":{"line":22,"column":10},"end":{"line":22,"column":17}},{"start":{"line":22,"column":21},"end":{"line":22,"column":23}}],"line":22},"2":{"loc":{"start":{"line":22,"column":37},"end":{"line":22,"column":86}},"type":"cond-expr","locations":[{"start":{"line":22,"column":61},"end":{"line":22,"column":82}},{"start":{"line":22,"column":85},"end":{"line":22,"column":86}}],"line":22},"3":{"loc":{"start":{"line":34,"column":9},"end":{"line":34,"column":30}},"type":"binary-expr","locations":[{"start":{"line":34,"column":9},"end":{"line":34,"column":22}},{"start":{"line":34,"column":26},"end":{"line":34,"column":30}}],"line":34},"4":{"loc":{"start":{"line":66,"column":9},"end":{"line":66,"column":30}},"type":"binary-expr","locations":[{"start":{"line":66,"column":9},"end":{"line":66,"column":22}},{"start":{"line":66,"column":26},"end":{"line":66,"column":30}}],"line":66},"5":{"loc":{"start":{"line":80,"column":9},"end":{"line":80,"column":30}},"type":"binary-expr","locations":[{"start":{"line":80,"column":9},"end":{"line":80,"column":22}},{"start":{"line":80,"column":26},"end":{"line":80,"column":30}}],"line":80},"6":{"loc":{"start":{"line":93,"column":9},"end":{"line":93,"column":26}},"type":"binary-expr","locations":[{"start":{"line":93,"column":9},"end":{"line":93,"column":18}},{"start":{"line":93,"column":22},"end":{"line":93,"column":26}}],"line":93},"7":{"loc":{"start":{"line":106,"column":9},"end":{"line":106,"column":30}},"type":"binary-expr","locations":[{"start":{"line":106,"column":9},"end":{"line":106,"column":22}},{"start":{"line":106,"column":26},"end":{"line":106,"column":30}}],"line":106},"8":{"loc":{"start":{"line":124,"column":9},"end":{"line":124,"column":26}},"type":"binary-expr","locations":[{"start":{"line":124,"column":9},"end":{"line":124,"column":18}},{"start":{"line":124,"column":22},"end":{"line":124,"column":26}}],"line":124},"9":{"loc":{"start":{"line":130,"column":22},"end":{"line":130,"column":61}},"type":"cond-expr","locations":[{"start":{"line":130,"column":35},"end":{"line":130,"column":54}},{"start":{"line":130,"column":57},"end":{"line":130,"column":61}}],"line":130},"10":{"loc":{"start":{"line":130,"column":35},"end":{"line":130,"column":54}},"type":"binary-expr","locations":[{"start":{"line":130,"column":35},"end":{"line":130,"column":48}},{"start":{"line":130,"column":52},"end":{"line":130,"column":54}}],"line":130},"11":{"loc":{"start":{"line":189,"column":6},"end":{"line":189,"column":56}},"type":"if","locations":[{"start":{"line":189,"column":6},"end":{"line":189,"column":56}},{"start":{},"end":{}}],"line":189},"12":{"loc":{"start":{"line":220,"column":8},"end":{"line":226,"column":9}},"type":"if","locations":[{"start":{"line":220,"column":8},"end":{"line":226,"column":9}},{"start":{},"end":{}}],"line":220},"13":{"loc":{"start":{"line":247,"column":6},"end":{"line":247,"column":64}},"type":"if","locations":[{"start":{"line":247,"column":6},"end":{"line":247,"column":64}},{"start":{},"end":{}}],"line":247},"14":{"loc":{"start":{"line":266,"column":6},"end":{"line":266,"column":64}},"type":"if","locations":[{"start":{"line":266,"column":6},"end":{"line":266,"column":64}},{"start":{},"end":{}}],"line":266},"15":{"loc":{"start":{"line":290,"column":6},"end":{"line":290,"column":56}},"type":"if","locations":[{"start":{"line":290,"column":6},"end":{"line":290,"column":56}},{"start":{},"end":{}}],"line":290},"16":{"loc":{"start":{"line":293,"column":23},"end":{"line":293,"column":47}},"type":"binary-expr","locations":[{"start":{"line":293,"column":23},"end":{"line":293,"column":42}},{"start":{"line":293,"column":46},"end":{"line":293,"column":47}}],"line":293},"17":{"loc":{"start":{"line":293,"column":58},"end":{"line":293,"column":81}},"type":"binary-expr","locations":[{"start":{"line":293,"column":58},"end":{"line":293,"column":76}},{"start":{"line":293,"column":80},"end":{"line":293,"column":81}}],"line":293},"18":{"loc":{"start":{"line":319,"column":6},"end":{"line":319,"column":58}},"type":"if","locations":[{"start":{"line":319,"column":6},"end":{"line":319,"column":58}},{"start":{},"end":{}}],"line":319},"19":{"loc":{"start":{"line":320,"column":46},"end":{"line":320,"column":65}},"type":"binary-expr","locations":[{"start":{"line":320,"column":46},"end":{"line":320,"column":60}},{"start":{"line":320,"column":64},"end":{"line":320,"column":65}}],"line":320},"20":{"loc":{"start":{"line":320,"column":76},"end":{"line":320,"column":97}},"type":"binary-expr","locations":[{"start":{"line":320,"column":76},"end":{"line":320,"column":92}},{"start":{"line":320,"column":96},"end":{"line":320,"column":97}}],"line":320},"21":{"loc":{"start":{"line":420,"column":2},"end":{"line":420,"column":25}},"type":"if","locations":[{"start":{"line":420,"column":2},"end":{"line":420,"column":25}},{"start":{},"end":{}}],"line":420},"22":{"loc":{"start":{"line":421,"column":9},"end":{"line":421,"column":64}},"type":"binary-expr","locations":[{"start":{"line":421,"column":9},"end":{"line":421,"column":56}},{"start":{"line":421,"column":60},"end":{"line":421,"column":64}}],"line":421},"23":{"loc":{"start":{"line":425,"column":2},"end":{"line":425,"column":39}},"type":"if","locations":[{"start":{"line":425,"column":2},"end":{"line":425,"column":39}},{"start":{},"end":{}}],"line":425},"24":{"loc":{"start":{"line":426,"column":2},"end":{"line":432,"column":3}},"type":"if","locations":[{"start":{"line":426,"column":2},"end":{"line":432,"column":3}},{"start":{},"end":{}}],"line":426},"25":{"loc":{"start":{"line":428,"column":4},"end":{"line":430,"column":5}},"type":"if","locations":[{"start":{"line":428,"column":4},"end":{"line":430,"column":5}},{"start":{},"end":{}}],"line":428},"26":{"loc":{"start":{"line":429,"column":28},"end":{"line":429,"column":49}},"type":"binary-expr","locations":[{"start":{"line":429,"column":28},"end":{"line":429,"column":37}},{"start":{"line":429,"column":41},"end":{"line":429,"column":49}}],"line":429},"27":{"loc":{"start":{"line":439,"column":16},"end":{"line":439,"column":53}},"type":"cond-expr","locations":[{"start":{"line":439,"column":26},"end":{"line":439,"column":41}},{"start":{"line":439,"column":44},"end":{"line":439,"column":53}}],"line":439},"28":{"loc":{"start":{"line":441,"column":4},"end":{"line":443,"column":5}},"type":"if","locations":[{"start":{"line":441,"column":4},"end":{"line":443,"column":5}},{"start":{},"end":{}}],"line":441},"29":{"loc":{"start":{"line":441,"column":8},"end":{"line":441,"column":77}},"type":"binary-expr","locations":[{"start":{"line":441,"column":8},"end":{"line":441,"column":18}},{"start":{"line":441,"column":23},"end":{"line":441,"column":37}},{"start":{"line":441,"column":41},"end":{"line":441,"column":60}},{"start":{"line":441,"column":64},"end":{"line":441,"column":76}}],"line":441},"30":{"loc":{"start":{"line":442,"column":28},"end":{"line":442,"column":45}},"type":"binary-expr","locations":[{"start":{"line":442,"column":28},"end":{"line":442,"column":35}},{"start":{"line":442,"column":39},"end":{"line":442,"column":45}}],"line":442},"31":{"loc":{"start":{"line":450,"column":2},"end":{"line":450,"column":44}},"type":"if","locations":[{"start":{"line":450,"column":2},"end":{"line":450,"column":44}},{"start":{},"end":{}}],"line":450},"32":{"loc":{"start":{"line":451,"column":2},"end":{"line":453,"column":3}},"type":"if","locations":[{"start":{"line":451,"column":2},"end":{"line":453,"column":3}},{"start":{},"end":{}}],"line":451},"33":{"loc":{"start":{"line":454,"column":2},"end":{"line":456,"column":3}},"type":"if","locations":[{"start":{"line":454,"column":2},"end":{"line":456,"column":3}},{"start":{},"end":{}}],"line":454},"34":{"loc":{"start":{"line":454,"column":6},"end":{"line":454,"column":60}},"type":"binary-expr","locations":[{"start":{"line":454,"column":6},"end":{"line":454,"column":23}},{"start":{"line":454,"column":27},"end":{"line":454,"column":60}}],"line":454},"35":{"loc":{"start":{"line":471,"column":51},"end":{"line":471,"column":66}},"type":"default-arg","locations":[{"start":{"line":471,"column":62},"end":{"line":471,"column":66}}],"line":471},"36":{"loc":{"start":{"line":473,"column":2},"end":{"line":475,"column":3}},"type":"if","locations":[{"start":{"line":473,"column":2},"end":{"line":475,"column":3}},{"start":{},"end":{}}],"line":473},"37":{"loc":{"start":{"line":477,"column":18},"end":{"line":477,"column":43}},"type":"binary-expr","locations":[{"start":{"line":477,"column":18},"end":{"line":477,"column":26}},{"start":{"line":477,"column":30},"end":{"line":477,"column":43}}],"line":477},"38":{"loc":{"start":{"line":478,"column":4},"end":{"line":480,"column":5}},"type":"if","locations":[{"start":{"line":478,"column":4},"end":{"line":480,"column":5}},{"start":{},"end":{}}],"line":478},"39":{"loc":{"start":{"line":486,"column":55},"end":{"line":486,"column":70}},"type":"default-arg","locations":[{"start":{"line":486,"column":66},"end":{"line":486,"column":70}}],"line":486},"40":{"loc":{"start":{"line":488,"column":2},"end":{"line":490,"column":3}},"type":"if","locations":[{"start":{"line":488,"column":2},"end":{"line":490,"column":3}},{"start":{},"end":{}}],"line":488},"41":{"loc":{"start":{"line":495,"column":18},"end":{"line":495,"column":43}},"type":"binary-expr","locations":[{"start":{"line":495,"column":18},"end":{"line":495,"column":26}},{"start":{"line":495,"column":30},"end":{"line":495,"column":43}}],"line":495},"42":{"loc":{"start":{"line":508,"column":4},"end":{"line":512,"column":5}},"type":"if","locations":[{"start":{"line":508,"column":4},"end":{"line":512,"column":5}},{"start":{},"end":{}}],"line":508},"43":{"loc":{"start":{"line":511,"column":16},"end":{"line":511,"column":34}},"type":"binary-expr","locations":[{"start":{"line":511,"column":16},"end":{"line":511,"column":28}},{"start":{"line":511,"column":32},"end":{"line":511,"column":34}}],"line":511}},"s":{"0":1,"1":1,"2":1,"3":0,"4":0,"5":0,"6":0,"7":0,"8":0,"9":0,"10":0,"11":12,"12":28,"13":0,"14":0,"15":0,"16":0,"17":0,"18":0,"19":0,"20":0,"21":0,"22":0,"23":0,"24":0,"25":0,"26":0,"27":0,"28":0,"29":0,"30":0,"31":0,"32":1,"33":0,"34":0,"35":0,"36":0,"37":0,"38":0,"39":0,"40":0,"41":0,"42":0,"43":0,"44":0,"45":0,"46":0,"47":0,"48":0,"49":0,"50":0,"51":0,"52":0,"53":0,"54":0,"55":0,"56":0,"57":0,"58":0,"59":0,"60":0,"61":0,"62":0,"63":0,"64":0,"65":0,"66":0,"67":0,"68":0,"69":0,"70":0,"71":0,"72":0,"73":3,"74":3,"75":0,"76":3,"77":13,"78":11,"79":9,"80":2,"81":0,"82":0,"83":0,"84":0,"85":2,"86":2,"87":2,"88":11,"89":11,"90":11,"91":1,"92":10,"93":1,"94":1,"95":0,"96":1,"97":0,"98":0,"99":0,"100":1,"101":0,"102":1,"103":1,"104":11,"105":0,"106":0,"107":0,"108":0,"109":0,"110":0,"111":0,"112":0,"113":0,"114":3,"115":3,"116":1,"117":2,"118":1,"119":2,"120":1,"121":1,"122":1,"123":10,"124":2,"125":1,"126":1,"127":1,"128":1,"129":1,"130":2,"131":1,"132":1,"133":1,"134":1},"f":{"0":0,"1":0,"2":0,"3":0,"4":12,"5":28,"6":0,"7":0,"8":0,"9":0,"10":0,"11":0,"12":0,"13":0,"14":0,"15":0,"16":0,"17":0,"18":0,"19":0,"20":0,"21":0,"22":0,"23":0,"24":0,"25":0,"26":0,"27":3,"28":13,"29":11,"30":2,"31":11,"32":1,"33":0,"34":0,"35":1,"36":11,"37":0,"38":0,"39":3,"40":2,"41":1,"42":10,"43":2,"44":2},"b":{"0":[0],"1":[12,0],"2":[0,28],"3":[0,0],"4":[0,0],"5":[0,0],"6":[0,0],"7":[0,0],"8":[0,0],"9":[0,0],"10":[0,0],"11":[0,0],"12":[0,0],"13":[0,0],"14":[0,0],"15":[0,0],"16":[0,0],"17":[0,0],"18":[0,0],"19":[0,0],"20":[0,0],"21":[0,3],"22":[3,1],"23":[9,2],"24":[0,2],"25":[0,0],"26":[0,0],"27":[11,0],"28":[1,10],"29":[11,2,1,1],"30":[1,0],"31":[0,1],"32":[0,1],"33":[0,1],"34":[1,0],"35":[0],"36":[0,0],"37":[0,0],"38":[0,0],"39":[3],"40":[1,2],"41":[1,0],"42":[1,0],"43":[1,0]},"_coverageSchema":"1a1c01bbd47fc00a2c39e90264f33305004495a9","hash":"6670a33c76639d63cdda441187ea063f65a2c16c"}
,"/Users/yuhsh7/Desktop/lixiangdeduian/2025/2025-1/dbs/ex8/backend/src/schemaService.js": {"path":"/Users/yuhsh7/Desktop/lixiangdeduian/2025/2025-1/dbs/ex8/backend/src/schemaService.js","statementMap":{"0":{"start":{"line":1,"column":23},"end":{"line":1,"column":43}},"1":{"start":{"line":2,"column":18},"end":{"line":2,"column":33}},"2":{"start":{"line":3,"column":15},"end":{"line":3,"column":34}},"3":{"start":{"line":10,"column":4},"end":{"line":10,"column":27}},"4":{"start":{"line":11,"column":31},"end":{"line":11,"column":51}},"5":{"start":{"line":13,"column":20},"end":{"line":13,"column":24}},"6":{"start":{"line":16,"column":2},"end":{"line":16,"column":42}},"7":{"start":{"line":16,"column":21},"end":{"line":16,"column":42}},"8":{"start":{"line":17,"column":15},"end":{"line":25,"column":3}},"9":{"start":{"line":26,"column":2},"end":{"line":30,"column":6}},"10":{"start":{"line":26,"column":35},"end":{"line":30,"column":3}},"11":{"start":{"line":31,"column":2},"end":{"line":31,"column":23}},"12":{"start":{"line":35,"column":18},"end":{"line":35,"column":43}},"13":{"start":{"line":36,"column":16},"end":{"line":36,"column":58}},"14":{"start":{"line":36,"column":36},"end":{"line":36,"column":57}},"15":{"start":{"line":37,"column":2},"end":{"line":37,"column":35}},"16":{"start":{"line":41,"column":2},"end":{"line":41,"column":59}},"17":{"start":{"line":45,"column":2},"end":{"line":45,"column":48}},"18":{"start":{"line":49,"column":15},"end":{"line":49,"column":38}},"19":{"start":{"line":50,"column":21},"end":{"line":50,"column":46}},"20":{"start":{"line":52,"column":2},"end":{"line":61,"column":3}},"21":{"start":{"line":53,"column":4},"end":{"line":60,"column":52}},"22":{"start":{"line":54,"column":21},"end":{"line":59,"column":7}},"23":{"start":{"line":60,"column":22},"end":{"line":60,"column":50}},"24":{"start":{"line":63,"column":21},"end":{"line":63,"column":47}},"25":{"start":{"line":64,"column":20},"end":{"line":64,"column":22}},"26":{"start":{"line":65,"column":2},"end":{"line":71,"column":3}},"27":{"start":{"line":66,"column":17},"end":{"line":66,"column":68}},"28":{"start":{"line":66,"column":40},"end":{"line":66,"column":61}},"29":{"start":{"line":67,"column":17},"end":{"line":67,"column":42}},"30":{"start":{"line":68,"column":24},"end":{"line":68,"column":68}},"31":{"start":{"line":69,"column":23},"end":{"line":69,"column":62}},"32":{"start":{"line":70,"column":4},"end":{"line":70,"column":72}},"33":{"start":{"line":72,"column":2},"end":{"line":72,"column":64}},"34":{"start":{"line":72,"column":34},"end":{"line":72,"column":62}},"35":{"start":{"line":76,"column":15},"end":{"line":76,"column":38}},"36":{"start":{"line":77,"column":15},"end":{"line":77,"column":46}},"37":{"start":{"line":78,"column":2},"end":{"line":78,"column":26}},"38":{"start":{"line":78,"column":13},"end":{"line":78,"column":26}},"39":{"start":{"line":79,"column":2},"end":{"line":79,"column":62}},"40":{"start":{"line":79,"column":50},"end":{"line":79,"column":62}},"41":{"start":{"line":80,"column":21},"end":{"line":80,"column":47}},"42":{"start":{"line":81,"column":2},"end":{"line":81,"column":35}},"43":{"start":{"line":85,"column":15},"end":{"line":85,"column":38}},"44":{"start":{"line":86,"column":2},"end":{"line":86,"column":62}},"45":{"start":{"line":86,"column":50},"end":{"line":86,"column":62}},"46":{"start":{"line":87,"column":21},"end":{"line":87,"column":47}},"47":{"start":{"line":88,"column":16},"end":{"line":88,"column":44}},"48":{"start":{"line":89,"column":2},"end":{"line":89,"column":49}},"49":{"start":{"line":93,"column":15},"end":{"line":93,"column":38}},"50":{"start":{"line":94,"column":2},"end":{"line":94,"column":62}},"51":{"start":{"line":94,"column":50},"end":{"line":94,"column":62}},"52":{"start":{"line":95,"column":21},"end":{"line":95,"column":47}},"53":{"start":{"line":96,"column":16},"end":{"line":96,"column":44}},"54":{"start":{"line":97,"column":2},"end":{"line":97,"column":35}},"55":{"start":{"line":100,"column":0},"end":{"line":108,"column":2}}},"fnMap":{"0":{"name":"loadSchemaObjects","decl":{"start":{"line":15,"column":15},"end":{"line":15,"column":32}},"loc":{"start":{"line":15,"column":35},"end":{"line":32,"column":1}},"line":15},"1":{"name":"(anonymous_1)","decl":{"start":{"line":26,"column":27},"end":{"line":26,"column":28}},"loc":{"start":{"line":26,"column":35},"end":{"line":30,"column":3}},"line":26},"2":{"name":"getObjectType","decl":{"start":{"line":34,"column":15},"end":{"line":34,"column":28}},"loc":{"start":{"line":34,"column":41},"end":{"line":38,"column":1}},"line":34},"3":{"name":"(anonymous_3)","decl":{"start":{"line":36,"column":29},"end":{"line":36,"column":30}},"loc":{"start":{"line":36,"column":36},"end":{"line":36,"column":57}},"line":36},"4":{"name":"normalizeRole","decl":{"start":{"line":40,"column":9},"end":{"line":40,"column":22}},"loc":{"start":{"line":40,"column":29},"end":{"line":42,"column":1}},"line":40},"5":{"name":"normalizeObjectName","decl":{"start":{"line":44,"column":9},"end":{"line":44,"column":28}},"loc":{"start":{"line":44,"column":35},"end":{"line":46,"column":1}},"line":44},"6":{"name":"buildMenu","decl":{"start":{"line":48,"column":15},"end":{"line":48,"column":24}},"loc":{"start":{"line":48,"column":35},"end":{"line":73,"column":1}},"line":48},"7":{"name":"(anonymous_7)","decl":{"start":{"line":54,"column":11},"end":{"line":54,"column":12}},"loc":{"start":{"line":54,"column":21},"end":{"line":59,"column":7}},"line":54},"8":{"name":"(anonymous_8)","decl":{"start":{"line":60,"column":12},"end":{"line":60,"column":13}},"loc":{"start":{"line":60,"column":22},"end":{"line":60,"column":50}},"line":60},"9":{"name":"(anonymous_9)","decl":{"start":{"line":66,"column":33},"end":{"line":66,"column":34}},"loc":{"start":{"line":66,"column":40},"end":{"line":66,"column":61}},"line":66},"10":{"name":"(anonymous_10)","decl":{"start":{"line":72,"column":24},"end":{"line":72,"column":25}},"loc":{"start":{"line":72,"column":34},"end":{"line":72,"column":62}},"line":72},"11":{"name":"isObjectAllowed","decl":{"start":{"line":75,"column":15},"end":{"line":75,"column":30}},"loc":{"start":{"line":75,"column":53},"end":{"line":82,"column":1}},"line":75},"12":{"name":"accessModeFor","decl":{"start":{"line":84,"column":15},"end":{"line":84,"column":28}},"loc":{"start":{"line":84,"column":51},"end":{"line":90,"column":1}},"line":84},"13":{"name":"canInsert","decl":{"start":{"line":92,"column":15},"end":{"line":92,"column":24}},"loc":{"start":{"line":92,"column":47},"end":{"line":98,"column":1}},"line":92}},"branchMap":{"0":{"loc":{"start":{"line":16,"column":2},"end":{"line":16,"column":42}},"type":"if","locations":[{"start":{"line":16,"column":2},"end":{"line":16,"column":42}},{"start":{},"end":{}}],"line":16},"1":{"loc":{"start":{"line":28,"column":10},"end":{"line":28,"column":51}},"type":"cond-expr","locations":[{"start":{"line":28,"column":30},"end":{"line":28,"column":36}},{"start":{"line":28,"column":39},"end":{"line":28,"column":51}}],"line":28},"2":{"loc":{"start":{"line":29,"column":13},"end":{"line":29,"column":28}},"type":"binary-expr","locations":[{"start":{"line":29,"column":13},"end":{"line":29,"column":22}},{"start":{"line":29,"column":26},"end":{"line":29,"column":28}}],"line":29},"3":{"loc":{"start":{"line":37,"column":9},"end":{"line":37,"column":34}},"type":"cond-expr","locations":[{"start":{"line":37,"column":17},"end":{"line":37,"column":27}},{"start":{"line":37,"column":30},"end":{"line":37,"column":34}}],"line":37},"4":{"loc":{"start":{"line":41,"column":9},"end":{"line":41,"column":58}},"type":"cond-expr","locations":[{"start":{"line":41,"column":31},"end":{"line":41,"column":42}},{"start":{"line":41,"column":45},"end":{"line":41,"column":58}}],"line":41},"5":{"loc":{"start":{"line":41,"column":9},"end":{"line":41,"column":28}},"type":"binary-expr","locations":[{"start":{"line":41,"column":9},"end":{"line":41,"column":13}},{"start":{"line":41,"column":17},"end":{"line":41,"column":28}}],"line":41},"6":{"loc":{"start":{"line":45,"column":9},"end":{"line":45,"column":47}},"type":"cond-expr","locations":[{"start":{"line":45,"column":31},"end":{"line":45,"column":42}},{"start":{"line":45,"column":45},"end":{"line":45,"column":47}}],"line":45},"7":{"loc":{"start":{"line":45,"column":9},"end":{"line":45,"column":28}},"type":"binary-expr","locations":[{"start":{"line":45,"column":9},"end":{"line":45,"column":13}},{"start":{"line":45,"column":17},"end":{"line":45,"column":28}}],"line":45},"8":{"loc":{"start":{"line":52,"column":2},"end":{"line":61,"column":3}},"type":"if","locations":[{"start":{"line":52,"column":2},"end":{"line":61,"column":3}},{"start":{},"end":{}}],"line":52},"9":{"loc":{"start":{"line":52,"column":6},"end":{"line":52,"column":48}},"type":"binary-expr","locations":[{"start":{"line":52,"column":6},"end":{"line":52,"column":28}},{"start":{"line":52,"column":32},"end":{"line":52,"column":48}}],"line":52},"10":{"loc":{"start":{"line":66,"column":17},"end":{"line":66,"column":68}},"type":"binary-expr","locations":[{"start":{"line":66,"column":17},"end":{"line":66,"column":62}},{"start":{"line":66,"column":66},"end":{"line":66,"column":68}}],"line":66},"11":{"loc":{"start":{"line":67,"column":17},"end":{"line":67,"column":42}},"type":"binary-expr","locations":[{"start":{"line":67,"column":17},"end":{"line":67,"column":26}},{"start":{"line":67,"column":30},"end":{"line":67,"column":42}}],"line":67},"12":{"loc":{"start":{"line":69,"column":23},"end":{"line":69,"column":62}},"type":"cond-expr","locations":[{"start":{"line":69,"column":52},"end":{"line":69,"column":56}},{"start":{"line":69,"column":59},"end":{"line":69,"column":62}}],"line":69},"13":{"loc":{"start":{"line":78,"column":2},"end":{"line":78,"column":26}},"type":"if","locations":[{"start":{"line":78,"column":2},"end":{"line":78,"column":26}},{"start":{},"end":{}}],"line":78},"14":{"loc":{"start":{"line":79,"column":2},"end":{"line":79,"column":62}},"type":"if","locations":[{"start":{"line":79,"column":2},"end":{"line":79,"column":62}},{"start":{},"end":{}}],"line":79},"15":{"loc":{"start":{"line":79,"column":6},"end":{"line":79,"column":48}},"type":"binary-expr","locations":[{"start":{"line":79,"column":6},"end":{"line":79,"column":28}},{"start":{"line":79,"column":32},"end":{"line":79,"column":48}}],"line":79},"16":{"loc":{"start":{"line":86,"column":2},"end":{"line":86,"column":62}},"type":"if","locations":[{"start":{"line":86,"column":2},"end":{"line":86,"column":62}},{"start":{},"end":{}}],"line":86},"17":{"loc":{"start":{"line":86,"column":6},"end":{"line":86,"column":48}},"type":"binary-expr","locations":[{"start":{"line":86,"column":6},"end":{"line":86,"column":28}},{"start":{"line":86,"column":32},"end":{"line":86,"column":48}}],"line":86},"18":{"loc":{"start":{"line":88,"column":16},"end":{"line":88,"column":44}},"type":"binary-expr","locations":[{"start":{"line":88,"column":16},"end":{"line":88,"column":38}},{"start":{"line":88,"column":42},"end":{"line":88,"column":44}}],"line":88},"19":{"loc":{"start":{"line":89,"column":9},"end":{"line":89,"column":48}},"type":"cond-expr","locations":[{"start":{"line":89,"column":38},"end":{"line":89,"column":42}},{"start":{"line":89,"column":45},"end":{"line":89,"column":48}}],"line":89},"20":{"loc":{"start":{"line":94,"column":2},"end":{"line":94,"column":62}},"type":"if","locations":[{"start":{"line":94,"column":2},"end":{"line":94,"column":62}},{"start":{},"end":{}}],"line":94},"21":{"loc":{"start":{"line":94,"column":6},"end":{"line":94,"column":48}},"type":"binary-expr","locations":[{"start":{"line":94,"column":6},"end":{"line":94,"column":28}},{"start":{"line":94,"column":32},"end":{"line":94,"column":48}}],"line":94},"22":{"loc":{"start":{"line":96,"column":16},"end":{"line":96,"column":44}},"type":"binary-expr","locations":[{"start":{"line":96,"column":16},"end":{"line":96,"column":38}},{"start":{"line":96,"column":42},"end":{"line":96,"column":44}}],"line":96}},"s":{"0":1,"1":1,"2":1,"3":1,"4":1,"5":1,"6":2,"7":1,"8":1,"9":1,"10":2,"11":1,"12":0,"13":0,"14":0,"15":0,"16":2,"17":0,"18":2,"19":2,"20":2,"21":1,"22":2,"23":1,"24":1,"25":1,"26":1,"27":1,"28":1,"29":1,"30":1,"31":1,"32":1,"33":1,"34":0,"35":0,"36":0,"37":0,"38":0,"39":0,"40":0,"41":0,"42":0,"43":0,"44":0,"45":0,"46":0,"47":0,"48":0,"49":0,"50":0,"51":0,"52":0,"53":0,"54":0,"55":1},"f":{"0":2,"1":2,"2":0,"3":0,"4":2,"5":0,"6":2,"7":2,"8":1,"9":1,"10":0,"11":0,"12":0,"13":0},"b":{"0":[1,1],"1":[1,1],"2":[2,0],"3":[0,0],"4":[2,0],"5":[2,2],"6":[0,0],"7":[0,0],"8":[1,1],"9":[2,1],"10":[1,0],"11":[1,0],"12":[0,1],"13":[0,0],"14":[0,0],"15":[0,0],"16":[0,0],"17":[0,0],"18":[0,0],"19":[0,0],"20":[0,0],"21":[0,0],"22":[0,0]},"_coverageSchema":"1a1c01bbd47fc00a2c39e90264f33305004495a9","hash":"aaeec6f76484bac855dc2b14c17e1ea41c845393"}
,"/Users/yuhsh7/Desktop/lixiangdeduian/2025/2025-1/dbs/ex8/backend/src/server.js": {"path":"/Users/yuhsh7/Desktop/lixiangdeduian/2025/2025-1/dbs/ex8/backend/src/server.js","statementMap":{"0":{"start":{"line":1,"column":16},"end":{"line":1,"column":34}},"1":{"start":{"line":2,"column":13},"end":{"line":2,"column":28}},"2":{"start":{"line":3,"column":13},"end":{"line":3,"column":28}},"3":{"start":{"line":4,"column":23},"end":{"line":4,"column":43}},"4":{"start":{"line":5,"column":18},"end":{"line":5,"column":33}},"5":{"start":{"line":6,"column":15},"end":{"line":6,"column":34}},"6":{"start":{"line":15,"column":4},"end":{"line":15,"column":30}},"7":{"start":{"line":16,"column":31},"end":{"line":16,"column":51}},"8":{"start":{"line":17,"column":40},"end":{"line":17,"column":59}},"9":{"start":{"line":18,"column":62},"end":{"line":18,"column":90}},"10":{"start":{"line":20,"column":12},"end":{"line":20,"column":21}},"11":{"start":{"line":21,"column":0},"end":{"line":21,"column":16}},"12":{"start":{"line":22,"column":0},"end":{"line":22,"column":24}},"13":{"start":{"line":25,"column":12},"end":{"line":25,"column":56}},"14":{"start":{"line":26,"column":14},"end":{"line":26,"column":48}},"15":{"start":{"line":26,"column":22},"end":{"line":26,"column":47}},"16":{"start":{"line":27,"column":18},"end":{"line":27,"column":83}},"17":{"start":{"line":28,"column":18},"end":{"line":28,"column":86}},"18":{"start":{"line":29,"column":22},"end":{"line":29,"column":45}},"19":{"start":{"line":30,"column":2},"end":{"line":30,"column":43}},"20":{"start":{"line":34,"column":14},"end":{"line":34,"column":39}},"21":{"start":{"line":35,"column":15},"end":{"line":35,"column":53}},"22":{"start":{"line":35,"column":31},"end":{"line":35,"column":52}},"23":{"start":{"line":36,"column":2},"end":{"line":36,"column":66}},"24":{"start":{"line":39,"column":0},"end":{"line":46,"column":3}},"25":{"start":{"line":40,"column":2},"end":{"line":45,"column":3}},"26":{"start":{"line":41,"column":18},"end":{"line":41,"column":29}},"27":{"start":{"line":42,"column":4},"end":{"line":42,"column":24}},"28":{"start":{"line":44,"column":4},"end":{"line":44,"column":51}},"29":{"start":{"line":48,"column":0},"end":{"line":71,"column":3}},"30":{"start":{"line":49,"column":15},"end":{"line":49,"column":29}},"31":{"start":{"line":50,"column":2},"end":{"line":50,"column":44}},"32":{"start":{"line":50,"column":13},"end":{"line":50,"column":44}},"33":{"start":{"line":52,"column":2},"end":{"line":70,"column":3}},"34":{"start":{"line":53,"column":16},"end":{"line":53,"column":18}},"35":{"start":{"line":54,"column":4},"end":{"line":66,"column":5}},"36":{"start":{"line":55,"column":6},"end":{"line":55,"column":217}},"37":{"start":{"line":56,"column":11},"end":{"line":66,"column":5}},"38":{"start":{"line":57,"column":7},"end":{"line":57,"column":217}},"39":{"start":{"line":58,"column":11},"end":{"line":66,"column":5}},"40":{"start":{"line":59,"column":7},"end":{"line":59,"column":222}},"41":{"start":{"line":60,"column":11},"end":{"line":66,"column":5}},"42":{"start":{"line":61,"column":7},"end":{"line":61,"column":222}},"43":{"start":{"line":62,"column":11},"end":{"line":66,"column":5}},"44":{"start":{"line":63,"column":7},"end":{"line":63,"column":203}},"45":{"start":{"line":65,"column":8},"end":{"line":65,"column":196}},"46":{"start":{"line":67,"column":4},"end":{"line":67,"column":24}},"47":{"start":{"line":69,"column":4},"end":{"line":69,"column":51}},"48":{"start":{"line":73,"column":0},"end":{"line":80,"column":3}},"49":{"start":{"line":74,"column":2},"end":{"line":79,"column":3}},"50":{"start":{"line":75,"column":21},"end":{"line":75,"column":41}},"51":{"start":{"line":76,"column":4},"end":{"line":76,"column":27}},"52":{"start":{"line":78,"column":4},"end":{"line":78,"column":51}},"53":{"start":{"line":82,"column":0},"end":{"line":91,"column":3}},"54":{"start":{"line":83,"column":15},"end":{"line":83,"column":46}},"55":{"start":{"line":84,"column":19},"end":{"line":84,"column":37}},"56":{"start":{"line":85,"column":2},"end":{"line":90,"column":3}},"57":{"start":{"line":86,"column":17},"end":{"line":86,"column":75}},"58":{"start":{"line":87,"column":4},"end":{"line":87,"column":70}},"59":{"start":{"line":89,"column":4},"end":{"line":89,"column":51}},"60":{"start":{"line":93,"column":0},"end":{"line":103,"column":3}},"61":{"start":{"line":94,"column":15},"end":{"line":94,"column":46}},"62":{"start":{"line":95,"column":19},"end":{"line":95,"column":37}},"63":{"start":{"line":96,"column":21},"end":{"line":96,"column":35}},"64":{"start":{"line":97,"column":2},"end":{"line":102,"column":3}},"65":{"start":{"line":98,"column":17},"end":{"line":98,"column":84}},"66":{"start":{"line":99,"column":4},"end":{"line":99,"column":58}},"67":{"start":{"line":101,"column":4},"end":{"line":101,"column":51}},"68":{"start":{"line":105,"column":0},"end":{"line":180,"column":3}},"69":{"start":{"line":106,"column":15},"end":{"line":106,"column":46}},"70":{"start":{"line":107,"column":19},"end":{"line":107,"column":37}},"71":{"start":{"line":108,"column":21},"end":{"line":108,"column":56}},"72":{"start":{"line":109,"column":2},"end":{"line":111,"column":3}},"73":{"start":{"line":110,"column":4},"end":{"line":110,"column":68}},"74":{"start":{"line":112,"column":26},"end":{"line":112,"column":40}},"75":{"start":{"line":113,"column":2},"end":{"line":115,"column":3}},"76":{"start":{"line":114,"column":4},"end":{"line":114,"column":89}},"77":{"start":{"line":117,"column":2},"end":{"line":179,"column":3}},"78":{"start":{"line":118,"column":20},"end":{"line":118,"column":59}},"79":{"start":{"line":119,"column":4},"end":{"line":121,"column":5}},"80":{"start":{"line":120,"column":6},"end":{"line":120,"column":85}},"81":{"start":{"line":122,"column":23},"end":{"line":122,"column":60}},"82":{"start":{"line":123,"column":4},"end":{"line":125,"column":5}},"83":{"start":{"line":124,"column":6},"end":{"line":124,"column":84}},"84":{"start":{"line":127,"column":4},"end":{"line":176,"column":7}},"85":{"start":{"line":128,"column":6},"end":{"line":128,"column":49}},"86":{"start":{"line":130,"column":22},"end":{"line":139,"column":7}},"87":{"start":{"line":140,"column":29},"end":{"line":140,"column":64}},"88":{"start":{"line":140,"column":56},"end":{"line":140,"column":62}},"89":{"start":{"line":142,"column":26},"end":{"line":142,"column":85}},"90":{"start":{"line":142,"column":63},"end":{"line":142,"column":84}},"91":{"start":{"line":143,"column":27},"end":{"line":143,"column":87}},"92":{"start":{"line":143,"column":65},"end":{"line":143,"column":86}},"93":{"start":{"line":145,"column":6},"end":{"line":147,"column":7}},"94":{"start":{"line":146,"column":8},"end":{"line":146,"column":54}},"95":{"start":{"line":148,"column":6},"end":{"line":150,"column":7}},"96":{"start":{"line":149,"column":8},"end":{"line":149,"column":56}},"97":{"start":{"line":152,"column":24},"end":{"line":154,"column":19}},"98":{"start":{"line":153,"column":29},"end":{"line":153,"column":55}},"99":{"start":{"line":155,"column":26},"end":{"line":157,"column":22}},"100":{"start":{"line":156,"column":29},"end":{"line":156,"column":57}},"101":{"start":{"line":159,"column":27},"end":{"line":159,"column":29}},"102":{"start":{"line":160,"column":6},"end":{"line":162,"column":9}},"103":{"start":{"line":161,"column":8},"end":{"line":161,"column":41}},"104":{"start":{"line":163,"column":6},"end":{"line":165,"column":9}},"105":{"start":{"line":164,"column":8},"end":{"line":164,"column":43}},"106":{"start":{"line":167,"column":23},"end":{"line":173,"column":7}},"107":{"start":{"line":175,"column":6},"end":{"line":175,"column":55}},"108":{"start":{"line":178,"column":4},"end":{"line":178,"column":51}},"109":{"start":{"line":182,"column":0},"end":{"line":190,"column":3}},"110":{"start":{"line":183,"column":15},"end":{"line":183,"column":46}},"111":{"start":{"line":184,"column":2},"end":{"line":189,"column":3}},"112":{"start":{"line":185,"column":18},"end":{"line":185,"column":39}},"113":{"start":{"line":186,"column":4},"end":{"line":186,"column":30}},"114":{"start":{"line":188,"column":4},"end":{"line":188,"column":51}},"115":{"start":{"line":192,"column":0},"end":{"line":274,"column":3}},"116":{"start":{"line":193,"column":15},"end":{"line":193,"column":46}},"117":{"start":{"line":194,"column":19},"end":{"line":194,"column":37}},"118":{"start":{"line":195,"column":21},"end":{"line":195,"column":56}},"119":{"start":{"line":196,"column":15},"end":{"line":196,"column":42}},"120":{"start":{"line":197,"column":19},"end":{"line":197,"column":51}},"121":{"start":{"line":199,"column":2},"end":{"line":201,"column":3}},"122":{"start":{"line":200,"column":4},"end":{"line":200,"column":68}},"123":{"start":{"line":203,"column":2},"end":{"line":273,"column":3}},"124":{"start":{"line":204,"column":20},"end":{"line":204,"column":59}},"125":{"start":{"line":205,"column":4},"end":{"line":207,"column":5}},"126":{"start":{"line":206,"column":6},"end":{"line":206,"column":85}},"127":{"start":{"line":208,"column":23},"end":{"line":208,"column":54}},"128":{"start":{"line":209,"column":4},"end":{"line":211,"column":5}},"129":{"start":{"line":210,"column":6},"end":{"line":210,"column":77}},"130":{"start":{"line":212,"column":24},"end":{"line":212,"column":56}},"131":{"start":{"line":214,"column":4},"end":{"line":270,"column":7}},"132":{"start":{"line":215,"column":6},"end":{"line":215,"column":49}},"133":{"start":{"line":217,"column":22},"end":{"line":228,"column":7}},"134":{"start":{"line":230,"column":19},"end":{"line":237,"column":7}},"135":{"start":{"line":238,"column":18},"end":{"line":238,"column":22}},"136":{"start":{"line":239,"column":6},"end":{"line":247,"column":7}},"137":{"start":{"line":240,"column":26},"end":{"line":243,"column":10}},"138":{"start":{"line":244,"column":8},"end":{"line":244,"column":46}},"139":{"start":{"line":246,"column":8},"end":{"line":246,"column":21}},"140":{"start":{"line":249,"column":25},"end":{"line":249,"column":62}},"141":{"start":{"line":250,"column":25},"end":{"line":250,"column":58}},"142":{"start":{"line":252,"column":6},"end":{"line":269,"column":9}},"143":{"start":{"line":272,"column":4},"end":{"line":272,"column":51}},"144":{"start":{"line":277,"column":14},"end":{"line":286,"column":3}},"145":{"start":{"line":287,"column":14},"end":{"line":287,"column":16}},"146":{"start":{"line":288,"column":2},"end":{"line":290,"column":5}},"147":{"start":{"line":289,"column":4},"end":{"line":289,"column":70}},"148":{"start":{"line":291,"column":2},"end":{"line":291,"column":13}},"149":{"start":{"line":295,"column":20},"end":{"line":295,"column":48}},"150":{"start":{"line":296,"column":21},"end":{"line":296,"column":50}},"151":{"start":{"line":297,"column":2},"end":{"line":297,"column":45}},"152":{"start":{"line":297,"column":33},"end":{"line":297,"column":45}},"153":{"start":{"line":298,"column":2},"end":{"line":306,"column":3}},"154":{"start":{"line":299,"column":17},"end":{"line":302,"column":5}},"155":{"start":{"line":303,"column":4},"end":{"line":303,"column":34}},"156":{"start":{"line":305,"column":4},"end":{"line":305,"column":16}},"157":{"start":{"line":310,"column":15},"end":{"line":325,"column":3}},"158":{"start":{"line":326,"column":2},"end":{"line":326,"column":34}},"159":{"start":{"line":330,"column":15},"end":{"line":340,"column":3}},"160":{"start":{"line":341,"column":2},"end":{"line":341,"column":35}},"161":{"start":{"line":345,"column":15},"end":{"line":348,"column":3}},"162":{"start":{"line":349,"column":2},"end":{"line":349,"column":36}},"163":{"start":{"line":353,"column":15},"end":{"line":369,"column":3}},"164":{"start":{"line":370,"column":2},"end":{"line":370,"column":48}},"165":{"start":{"line":370,"column":33},"end":{"line":370,"column":45}},"166":{"start":{"line":374,"column":20},"end":{"line":374,"column":45}},"167":{"start":{"line":375,"column":2},"end":{"line":375,"column":30}},"168":{"start":{"line":375,"column":18},"end":{"line":375,"column":30}},"169":{"start":{"line":376,"column":15},"end":{"line":379,"column":4}},"170":{"start":{"line":380,"column":2},"end":{"line":380,"column":27}},"171":{"start":{"line":384,"column":18},"end":{"line":395,"column":3}},"172":{"start":{"line":396,"column":16},"end":{"line":396,"column":63}},"173":{"start":{"line":397,"column":21},"end":{"line":397,"column":70}},"174":{"start":{"line":398,"column":20},"end":{"line":398,"column":65}},"175":{"start":{"line":399,"column":18},"end":{"line":399,"column":20}},"176":{"start":{"line":400,"column":44},"end":{"line":400,"column":58}},"177":{"start":{"line":401,"column":23},"end":{"line":401,"column":46}},"178":{"start":{"line":404,"column":22},"end":{"line":404,"column":55}},"179":{"start":{"line":405,"column":20},"end":{"line":405,"column":68}},"180":{"start":{"line":406,"column":25},"end":{"line":411,"column":3}},"181":{"start":{"line":407,"column":16},"end":{"line":407,"column":50}},"182":{"start":{"line":407,"column":24},"end":{"line":407,"column":49}},"183":{"start":{"line":408,"column":4},"end":{"line":410,"column":31}},"184":{"start":{"line":412,"column":18},"end":{"line":412,"column":45}},"185":{"start":{"line":413,"column":16},"end":{"line":413,"column":41}},"186":{"start":{"line":415,"column":2},"end":{"line":533,"column":3}},"187":{"start":{"line":416,"column":17},"end":{"line":416,"column":25}},"188":{"start":{"line":417,"column":17},"end":{"line":417,"column":51}},"189":{"start":{"line":418,"column":20},"end":{"line":418,"column":59}},"190":{"start":{"line":419,"column":26},"end":{"line":419,"column":84}},"191":{"start":{"line":420,"column":22},"end":{"line":420,"column":42}},"192":{"start":{"line":421,"column":22},"end":{"line":421,"column":45}},"193":{"start":{"line":422,"column":21},"end":{"line":422,"column":54}},"194":{"start":{"line":424,"column":6},"end":{"line":429,"column":14}},"195":{"start":{"line":428,"column":24},"end":{"line":428,"column":68}},"196":{"start":{"line":431,"column":4},"end":{"line":433,"column":5}},"197":{"start":{"line":432,"column":6},"end":{"line":432,"column":15}},"198":{"start":{"line":435,"column":4},"end":{"line":464,"column":5}},"199":{"start":{"line":436,"column":6},"end":{"line":443,"column":7}},"200":{"start":{"line":437,"column":23},"end":{"line":437,"column":65}},"201":{"start":{"line":438,"column":8},"end":{"line":440,"column":9}},"202":{"start":{"line":439,"column":10},"end":{"line":439,"column":59}},"203":{"start":{"line":441,"column":8},"end":{"line":441,"column":31}},"204":{"start":{"line":442,"column":8},"end":{"line":442,"column":17}},"205":{"start":{"line":444,"column":6},"end":{"line":447,"column":7}},"206":{"start":{"line":445,"column":8},"end":{"line":445,"column":33}},"207":{"start":{"line":446,"column":8},"end":{"line":446,"column":17}},"208":{"start":{"line":448,"column":6},"end":{"line":451,"column":7}},"209":{"start":{"line":449,"column":8},"end":{"line":449,"column":30}},"210":{"start":{"line":450,"column":8},"end":{"line":450,"column":17}},"211":{"start":{"line":452,"column":6},"end":{"line":455,"column":7}},"212":{"start":{"line":453,"column":8},"end":{"line":453,"column":33}},"213":{"start":{"line":454,"column":8},"end":{"line":454,"column":17}},"214":{"start":{"line":456,"column":6},"end":{"line":459,"column":7}},"215":{"start":{"line":457,"column":8},"end":{"line":457,"column":36}},"216":{"start":{"line":458,"column":8},"end":{"line":458,"column":17}},"217":{"start":{"line":460,"column":6},"end":{"line":463,"column":7}},"218":{"start":{"line":461,"column":8},"end":{"line":461,"column":59}},"219":{"start":{"line":462,"column":8},"end":{"line":462,"column":17}},"220":{"start":{"line":466,"column":4},"end":{"line":482,"column":5}},"221":{"start":{"line":467,"column":6},"end":{"line":470,"column":7}},"222":{"start":{"line":468,"column":8},"end":{"line":468,"column":32}},"223":{"start":{"line":469,"column":8},"end":{"line":469,"column":17}},"224":{"start":{"line":471,"column":6},"end":{"line":474,"column":7}},"225":{"start":{"line":472,"column":8},"end":{"line":472,"column":30}},"226":{"start":{"line":473,"column":8},"end":{"line":473,"column":17}},"227":{"start":{"line":475,"column":6},"end":{"line":481,"column":7}},"228":{"start":{"line":476,"column":22},"end":{"line":476,"column":73}},"229":{"start":{"line":477,"column":8},"end":{"line":480,"column":9}},"230":{"start":{"line":478,"column":10},"end":{"line":478,"column":32}},"231":{"start":{"line":479,"column":10},"end":{"line":479,"column":19}},"232":{"start":{"line":484,"column":4},"end":{"line":488,"column":5}},"233":{"start":{"line":485,"column":21},"end":{"line":485,"column":98}},"234":{"start":{"line":486,"column":6},"end":{"line":486,"column":99}},"235":{"start":{"line":487,"column":6},"end":{"line":487,"column":15}},"236":{"start":{"line":490,"column":4},"end":{"line":493,"column":5}},"237":{"start":{"line":491,"column":6},"end":{"line":491,"column":55}},"238":{"start":{"line":492,"column":6},"end":{"line":492,"column":15}},"239":{"start":{"line":494,"column":4},"end":{"line":497,"column":5}},"240":{"start":{"line":495,"column":6},"end":{"line":495,"column":51}},"241":{"start":{"line":496,"column":6},"end":{"line":496,"column":15}},"242":{"start":{"line":498,"column":4},"end":{"line":501,"column":5}},"243":{"start":{"line":499,"column":6},"end":{"line":499,"column":51}},"244":{"start":{"line":500,"column":6},"end":{"line":500,"column":15}},"245":{"start":{"line":503,"column":4},"end":{"line":506,"column":5}},"246":{"start":{"line":504,"column":6},"end":{"line":504,"column":55}},"247":{"start":{"line":505,"column":6},"end":{"line":505,"column":15}},"248":{"start":{"line":508,"column":4},"end":{"line":512,"column":5}},"249":{"start":{"line":509,"column":26},"end":{"line":509,"column":68}},"250":{"start":{"line":510,"column":6},"end":{"line":510,"column":55}},"251":{"start":{"line":511,"column":6},"end":{"line":511,"column":15}},"252":{"start":{"line":514,"column":4},"end":{"line":523,"column":5}},"253":{"start":{"line":516,"column":8},"end":{"line":520,"column":40}},"254":{"start":{"line":521,"column":6},"end":{"line":521,"column":97}},"255":{"start":{"line":522,"column":6},"end":{"line":522,"column":15}},"256":{"start":{"line":526,"column":6},"end":{"line":530,"column":35}},"257":{"start":{"line":531,"column":21},"end":{"line":531,"column":70}},"258":{"start":{"line":532,"column":4},"end":{"line":532,"column":49}},"259":{"start":{"line":535,"column":2},"end":{"line":535,"column":17}},"260":{"start":{"line":538,"column":0},"end":{"line":565,"column":3}},"261":{"start":{"line":539,"column":15},"end":{"line":539,"column":46}},"262":{"start":{"line":540,"column":19},"end":{"line":540,"column":37}},"263":{"start":{"line":541,"column":21},"end":{"line":541,"column":56}},"264":{"start":{"line":543,"column":2},"end":{"line":545,"column":3}},"265":{"start":{"line":544,"column":4},"end":{"line":544,"column":68}},"266":{"start":{"line":547,"column":2},"end":{"line":564,"column":3}},"267":{"start":{"line":548,"column":20},"end":{"line":548,"column":59}},"268":{"start":{"line":549,"column":4},"end":{"line":551,"column":5}},"269":{"start":{"line":550,"column":6},"end":{"line":550,"column":85}},"270":{"start":{"line":552,"column":23},"end":{"line":552,"column":56}},"271":{"start":{"line":553,"column":4},"end":{"line":555,"column":5}},"272":{"start":{"line":554,"column":6},"end":{"line":554,"column":89}},"273":{"start":{"line":557,"column":4},"end":{"line":561,"column":7}},"274":{"start":{"line":558,"column":6},"end":{"line":558,"column":49}},"275":{"start":{"line":559,"column":22},"end":{"line":559,"column":71}},"276":{"start":{"line":560,"column":6},"end":{"line":560,"column":54}},"277":{"start":{"line":563,"column":4},"end":{"line":563,"column":51}},"278":{"start":{"line":567,"column":0},"end":{"line":629,"column":3}},"279":{"start":{"line":568,"column":15},"end":{"line":568,"column":46}},"280":{"start":{"line":569,"column":19},"end":{"line":569,"column":37}},"281":{"start":{"line":570,"column":21},"end":{"line":570,"column":56}},"282":{"start":{"line":571,"column":19},"end":{"line":571,"column":33}},"283":{"start":{"line":573,"column":2},"end":{"line":575,"column":3}},"284":{"start":{"line":574,"column":4},"end":{"line":574,"column":68}},"285":{"start":{"line":576,"column":2},"end":{"line":578,"column":3}},"286":{"start":{"line":577,"column":4},"end":{"line":577,"column":86}},"287":{"start":{"line":580,"column":2},"end":{"line":628,"column":3}},"288":{"start":{"line":581,"column":20},"end":{"line":581,"column":59}},"289":{"start":{"line":582,"column":4},"end":{"line":584,"column":5}},"290":{"start":{"line":583,"column":6},"end":{"line":583,"column":85}},"291":{"start":{"line":585,"column":23},"end":{"line":585,"column":56}},"292":{"start":{"line":586,"column":4},"end":{"line":588,"column":5}},"293":{"start":{"line":587,"column":6},"end":{"line":587,"column":89}},"294":{"start":{"line":590,"column":4},"end":{"line":625,"column":7}},"295":{"start":{"line":591,"column":6},"end":{"line":591,"column":49}},"296":{"start":{"line":593,"column":22},"end":{"line":602,"column":7}},"297":{"start":{"line":603,"column":29},"end":{"line":603,"column":64}},"298":{"start":{"line":603,"column":56},"end":{"line":603,"column":62}},"299":{"start":{"line":604,"column":22},"end":{"line":604,"column":81}},"300":{"start":{"line":604,"column":59},"end":{"line":604,"column":80}},"301":{"start":{"line":605,"column":6},"end":{"line":607,"column":7}},"302":{"start":{"line":606,"column":8},"end":{"line":606,"column":54}},"303":{"start":{"line":609,"column":24},"end":{"line":609,"column":71}},"304":{"start":{"line":609,"column":47},"end":{"line":609,"column":59}},"305":{"start":{"line":610,"column":27},"end":{"line":610,"column":87}},"306":{"start":{"line":610,"column":62},"end":{"line":610,"column":75}},"307":{"start":{"line":611,"column":27},"end":{"line":611,"column":29}},"308":{"start":{"line":612,"column":6},"end":{"line":614,"column":9}},"309":{"start":{"line":613,"column":8},"end":{"line":613,"column":41}},"310":{"start":{"line":616,"column":23},"end":{"line":622,"column":7}},"311":{"start":{"line":624,"column":6},"end":{"line":624,"column":84}},"312":{"start":{"line":627,"column":4},"end":{"line":627,"column":51}},"313":{"start":{"line":631,"column":0},"end":{"line":635,"column":2}},"314":{"start":{"line":637,"column":0},"end":{"line":639,"column":3}},"315":{"start":{"line":638,"column":2},"end":{"line":638,"column":69}},"316":{"start":{"line":642,"column":2},"end":{"line":651,"column":3}},"317":{"start":{"line":643,"column":4},"end":{"line":643,"column":35}},"318":{"start":{"line":644,"column":4},"end":{"line":644,"column":30}},"319":{"start":{"line":645,"column":4},"end":{"line":647,"column":7}},"320":{"start":{"line":646,"column":6},"end":{"line":646,"column":71}},"321":{"start":{"line":649,"column":4},"end":{"line":649,"column":50}},"322":{"start":{"line":650,"column":4},"end":{"line":650,"column":20}},"323":{"start":{"line":654,"column":0},"end":{"line":656,"column":1}},"324":{"start":{"line":655,"column":2},"end":{"line":655,"column":14}},"325":{"start":{"line":658,"column":0},"end":{"line":658,"column":21}}},"fnMap":{"0":{"name":"nowStrings","decl":{"start":{"line":24,"column":9},"end":{"line":24,"column":19}},"loc":{"start":{"line":24,"column":39},"end":{"line":31,"column":1}},"line":24},"1":{"name":"(anonymous_1)","decl":{"start":{"line":26,"column":14},"end":{"line":26,"column":15}},"loc":{"start":{"line":26,"column":22},"end":{"line":26,"column":47}},"line":26},"2":{"name":"displayNameFor","decl":{"start":{"line":33,"column":15},"end":{"line":33,"column":29}},"loc":{"start":{"line":33,"column":42},"end":{"line":37,"column":1}},"line":33},"3":{"name":"(anonymous_3)","decl":{"start":{"line":35,"column":24},"end":{"line":35,"column":25}},"loc":{"start":{"line":35,"column":31},"end":{"line":35,"column":52}},"line":35},"4":{"name":"(anonymous_4)","decl":{"start":{"line":39,"column":22},"end":{"line":39,"column":23}},"loc":{"start":{"line":39,"column":43},"end":{"line":46,"column":1}},"line":39},"5":{"name":"(anonymous_5)","decl":{"start":{"line":48,"column":22},"end":{"line":48,"column":23}},"loc":{"start":{"line":48,"column":42},"end":{"line":71,"column":1}},"line":48},"6":{"name":"(anonymous_6)","decl":{"start":{"line":73,"column":25},"end":{"line":73,"column":26}},"loc":{"start":{"line":73,"column":46},"end":{"line":80,"column":1}},"line":73},"7":{"name":"(anonymous_7)","decl":{"start":{"line":82,"column":39},"end":{"line":82,"column":40}},"loc":{"start":{"line":82,"column":59},"end":{"line":91,"column":1}},"line":82},"8":{"name":"(anonymous_8)","decl":{"start":{"line":93,"column":40},"end":{"line":93,"column":41}},"loc":{"start":{"line":93,"column":60},"end":{"line":103,"column":1}},"line":93},"9":{"name":"(anonymous_9)","decl":{"start":{"line":105,"column":30},"end":{"line":105,"column":31}},"loc":{"start":{"line":105,"column":50},"end":{"line":180,"column":1}},"line":105},"10":{"name":"(anonymous_10)","decl":{"start":{"line":127,"column":32},"end":{"line":127,"column":33}},"loc":{"start":{"line":127,"column":55},"end":{"line":176,"column":5}},"line":127},"11":{"name":"(anonymous_11)","decl":{"start":{"line":140,"column":49},"end":{"line":140,"column":50}},"loc":{"start":{"line":140,"column":56},"end":{"line":140,"column":62}},"line":140},"12":{"name":"(anonymous_12)","decl":{"start":{"line":142,"column":54},"end":{"line":142,"column":55}},"loc":{"start":{"line":142,"column":63},"end":{"line":142,"column":84}},"line":142},"13":{"name":"(anonymous_13)","decl":{"start":{"line":143,"column":56},"end":{"line":143,"column":57}},"loc":{"start":{"line":143,"column":65},"end":{"line":143,"column":86}},"line":143},"14":{"name":"(anonymous_14)","decl":{"start":{"line":153,"column":13},"end":{"line":153,"column":14}},"loc":{"start":{"line":153,"column":29},"end":{"line":153,"column":55}},"line":153},"15":{"name":"(anonymous_15)","decl":{"start":{"line":156,"column":13},"end":{"line":156,"column":14}},"loc":{"start":{"line":156,"column":29},"end":{"line":156,"column":57}},"line":156},"16":{"name":"(anonymous_16)","decl":{"start":{"line":160,"column":26},"end":{"line":160,"column":27}},"loc":{"start":{"line":160,"column":47},"end":{"line":162,"column":7}},"line":160},"17":{"name":"(anonymous_17)","decl":{"start":{"line":163,"column":27},"end":{"line":163,"column":28}},"loc":{"start":{"line":163,"column":48},"end":{"line":165,"column":7}},"line":163},"18":{"name":"(anonymous_18)","decl":{"start":{"line":182,"column":21},"end":{"line":182,"column":22}},"loc":{"start":{"line":182,"column":41},"end":{"line":190,"column":1}},"line":182},"19":{"name":"(anonymous_19)","decl":{"start":{"line":192,"column":30},"end":{"line":192,"column":31}},"loc":{"start":{"line":192,"column":50},"end":{"line":274,"column":1}},"line":192},"20":{"name":"(anonymous_20)","decl":{"start":{"line":214,"column":32},"end":{"line":214,"column":33}},"loc":{"start":{"line":214,"column":55},"end":{"line":270,"column":5}},"line":214},"21":{"name":"fetchForeignKeys","decl":{"start":{"line":276,"column":15},"end":{"line":276,"column":31}},"loc":{"start":{"line":276,"column":57},"end":{"line":292,"column":1}},"line":276},"22":{"name":"(anonymous_22)","decl":{"start":{"line":288,"column":14},"end":{"line":288,"column":15}},"loc":{"start":{"line":288,"column":22},"end":{"line":290,"column":3}},"line":288},"23":{"name":"pickReferencedValue","decl":{"start":{"line":294,"column":15},"end":{"line":294,"column":34}},"loc":{"start":{"line":294,"column":69},"end":{"line":307,"column":1}},"line":294},"24":{"name":"pickAvailableBed","decl":{"start":{"line":309,"column":15},"end":{"line":309,"column":31}},"loc":{"start":{"line":309,"column":61},"end":{"line":327,"column":1}},"line":309},"25":{"name":"pickPendingLabOrderItem","decl":{"start":{"line":329,"column":15},"end":{"line":329,"column":38}},"loc":{"start":{"line":329,"column":52},"end":{"line":342,"column":1}},"line":329},"26":{"name":"pickActiveStaff","decl":{"start":{"line":344,"column":15},"end":{"line":344,"column":30}},"loc":{"start":{"line":344,"column":44},"end":{"line":350,"column":1}},"line":344},"27":{"name":"fetchUniqueColumns","decl":{"start":{"line":352,"column":15},"end":{"line":352,"column":33}},"loc":{"start":{"line":352,"column":54},"end":{"line":371,"column":1}},"line":352},"28":{"name":"(anonymous_28)","decl":{"start":{"line":370,"column":26},"end":{"line":370,"column":27}},"loc":{"start":{"line":370,"column":33},"end":{"line":370,"column":45}},"line":370},"29":{"name":"fetchSampleRow","decl":{"start":{"line":373,"column":15},"end":{"line":373,"column":29}},"loc":{"start":{"line":373,"column":50},"end":{"line":381,"column":1}},"line":373},"30":{"name":"buildInsertExample","decl":{"start":{"line":383,"column":15},"end":{"line":383,"column":33}},"loc":{"start":{"line":383,"column":59},"end":{"line":536,"column":1}},"line":383},"31":{"name":"(anonymous_31)","decl":{"start":{"line":406,"column":25},"end":{"line":406,"column":26}},"loc":{"start":{"line":406,"column":32},"end":{"line":411,"column":3}},"line":406},"32":{"name":"(anonymous_32)","decl":{"start":{"line":407,"column":16},"end":{"line":407,"column":17}},"loc":{"start":{"line":407,"column":24},"end":{"line":407,"column":49}},"line":407},"33":{"name":"(anonymous_33)","decl":{"start":{"line":428,"column":17},"end":{"line":428,"column":18}},"loc":{"start":{"line":428,"column":24},"end":{"line":428,"column":68}},"line":428},"34":{"name":"(anonymous_34)","decl":{"start":{"line":538,"column":38},"end":{"line":538,"column":39}},"loc":{"start":{"line":538,"column":58},"end":{"line":565,"column":1}},"line":538},"35":{"name":"(anonymous_35)","decl":{"start":{"line":557,"column":32},"end":{"line":557,"column":33}},"loc":{"start":{"line":557,"column":55},"end":{"line":561,"column":5}},"line":557},"36":{"name":"(anonymous_36)","decl":{"start":{"line":567,"column":31},
[...]
t":{"line":380,"column":22},"end":{"line":380,"column":26}}],"line":380},"39":{"loc":{"start":{"line":407,"column":24},"end":{"line":407,"column":49}},"type":"cond-expr","locations":[{"start":{"line":407,"column":33},"end":{"line":407,"column":40}},{"start":{"line":407,"column":43},"end":{"line":407,"column":49}}],"line":407},"40":{"loc":{"start":{"line":417,"column":18},"end":{"line":417,"column":36}},"type":"binary-expr","locations":[{"start":{"line":417,"column":18},"end":{"line":417,"column":30}},{"start":{"line":417,"column":34},"end":{"line":417,"column":36}}],"line":417},"41":{"loc":{"start":{"line":418,"column":21},"end":{"line":418,"column":44}},"type":"binary-expr","locations":[{"start":{"line":418,"column":21},"end":{"line":418,"column":38}},{"start":{"line":418,"column":42},"end":{"line":418,"column":44}}],"line":418},"42":{"loc":{"start":{"line":419,"column":27},"end":{"line":419,"column":42}},"type":"binary-expr","locations":[{"start":{"line":419,"column":27},"end":{"line":419,"column":36}},{"start":{"line":419,"column":40},"end":{"line":419,"column":42}}],"line":419},"43":{"loc":{"start":{"line":420,"column":22},"end":{"line":420,"column":42}},"type":"binary-expr","locations":[{"start":{"line":420,"column":22},"end":{"line":420,"column":35}},{"start":{"line":420,"column":39},"end":{"line":420,"column":42}}],"line":420},"44":{"loc":{"start":{"line":422,"column":21},"end":{"line":422,"column":54}},"type":"binary-expr","locations":[{"start":{"line":422,"column":21},"end":{"line":422,"column":30}},{"start":{"line":422,"column":34},"end":{"line":422,"column":54}}],"line":422},"45":{"loc":{"start":{"line":424,"column":6},"end":{"line":429,"column":14}},"type":"cond-expr","locations":[{"start":{"line":425,"column":10},"end":{"line":428,"column":69}},{"start":{"line":429,"column":10},"end":{"line":429,"column":14}}],"line":424},"46":{"loc":{"start":{"line":424,"column":6},"end":{"line":424,"column":72}},"type":"binary-expr","locations":[{"start":{"line":424,"column":6},"end":{"line":424,"column":20}},{"start":{"line":424,"column":24},"end":{"line":424,"column":72}}],"line":424},"47":{"loc":{"start":{"line":431,"column":4},"end":{"line":433,"column":5}},"type":"if","locations":[{"start":{"line":431,"column":4},"end":{"line":433,"column":5}},{"start":{},"end":{}}],"line":431},"48":{"loc":{"start":{"line":435,"column":4},"end":{"line":464,"column":5}},"type":"if","locations":[{"start":{"line":435,"column":4},"end":{"line":464,"column":5}},{"start":{},"end":{}}],"line":435},"49":{"loc":{"start":{"line":436,"column":6},"end":{"line":443,"column":7}},"type":"if","locations":[{"start":{"line":436,"column":6},"end":{"line":443,"column":7}},{"start":{},"end":{}}],"line":436},"50":{"loc":{"start":{"line":438,"column":8},"end":{"line":440,"column":9}},"type":"if","locations":[{"start":{"line":438,"column":8},"end":{"line":440,"column":9}},{"start":{},"end":{}}],"line":438},"51":{"loc":{"start":{"line":444,"column":6},"end":{"line":447,"column":7}},"type":"if","locations":[{"start":{"line":444,"column":6},"end":{"line":447,"column":7}},{"start":{},"end":{}}],"line":444},"52":{"loc":{"start":{"line":448,"column":6},"end":{"line":451,"column":7}},"type":"if","locations":[{"start":{"line":448,"column":6},"end":{"line":451,"column":7}},{"start":{},"end":{}}],"line":448},"53":{"loc":{"start":{"line":452,"column":6},"end":{"line":455,"column":7}},"type":"if","locations":[{"start":{"line":452,"column":6},"end":{"line":455,"column":7}},{"start":{},"end":{}}],"line":452},"54":{"loc":{"start":{"line":456,"column":6},"end":{"line":459,"column":7}},"type":"if","locations":[{"start":{"line":456,"column":6},"end":{"line":459,"column":7}},{"start":{},"end":{}}],"line":456},"55":{"loc":{"start":{"line":460,"column":6},"end":{"line":463,"column":7}},"type":"if","locations":[{"start":{"line":460,"column":6},"end":{"line":463,"column":7}},{"start":{},"end":{}}],"line":460},"56":{"loc":{"start":{"line":466,"column":4},"end":{"line":482,"column":5}},"type":"if","locations":[{"start":{"line":466,"column":4},"end":{"line":482,"column":5}},{"start":{},"end":{}}],"line":466},"57":{"loc":{"start":{"line":467,"column":6},"end":{"line":470,"column":7}},"type":"if","locations":[{"start":{"line":467,"column":6},"end":{"line":470,"column":7}},{"start":{},"end":{}}],"line":467},"58":{"loc":{"start":{"line":471,"column":6},"end":{"line":474,"column":7}},"type":"if","locations":[{"start":{"line":471,"column":6},"end":{"line":474,"column":7}},{"start":{},"end":{}}],"line":471},"59":{"loc":{"start":{"line":475,"column":6},"end":{"line":481,"column":7}},"type":"if","locations":[{"start":{"line":475,"column":6},"end":{"line":481,"column":7}},{"start":{},"end":{}}],"line":475},"60":{"loc":{"start":{"line":477,"column":8},"end":{"line":480,"column":9}},"type":"if","locations":[{"start":{"line":477,"column":8},"end":{"line":480,"column":9}},{"start":{},"end":{}}],"line":477},"61":{"loc":{"start":{"line":477,"column":12},"end":{"line":477,"column":49}},"type":"binary-expr","locations":[{"start":{"line":477,"column":12},"end":{"line":477,"column":26}},{"start":{"line":477,"column":30},"end":{"line":477,"column":49}}],"line":477},"62":{"loc":{"start":{"line":484,"column":4},"end":{"line":488,"column":5}},"type":"if","locations":[{"start":{"line":484,"column":4},"end":{"line":488,"column":5}},{"start":{},"end":{}}],"line":484},"63":{"loc":{"start":{"line":486,"column":22},"end":{"line":486,"column":98}},"type":"cond-expr","locations":[{"start":{"line":486,"column":64},"end":{"line":486,"column":70}},{"start":{"line":486,"column":73},"end":{"line":486,"column":98}}],"line":486},"64":{"loc":{"start":{"line":486,"column":22},"end":{"line":486,"column":61}},"type":"binary-expr","locations":[{"start":{"line":486,"column":22},"end":{"line":486,"column":37}},{"start":{"line":486,"column":41},"end":{"line":486,"column":61}}],"line":486},"65":{"loc":{"start":{"line":486,"column":73},"end":{"line":486,"column":98}},"type":"binary-expr","locations":[{"start":{"line":486,"column":73},"end":{"line":486,"column":90}},{"start":{"line":486,"column":94},"end":{"line":486,"column":98}}],"line":486},"66":{"loc":{"start":{"line":490,"column":4},"end":{"line":493,"column":5}},"type":"if","locations":[{"start":{"line":490,"column":4},"end":{"line":493,"column":5}},{"start":{},"end":{}}],"line":490},"67":{"loc":{"start":{"line":490,"column":8},"end":{"line":490,"column":63}},"type":"binary-expr","locations":[{"start":{"line":490,"column":8},"end":{"line":490,"column":33}},{"start":{"line":490,"column":37},"end":{"line":490,"column":63}}],"line":490},"68":{"loc":{"start":{"line":491,"column":22},"end":{"line":491,"column":54}},"type":"binary-expr","locations":[{"start":{"line":491,"column":22},"end":{"line":491,"column":39}},{"start":{"line":491,"column":43},"end":{"line":491,"column":54}}],"line":491},"69":{"loc":{"start":{"line":494,"column":4},"end":{"line":497,"column":5}},"type":"if","locations":[{"start":{"line":494,"column":4},"end":{"line":497,"column":5}},{"start":{},"end":{}}],"line":494},"70":{"loc":{"start":{"line":495,"column":22},"end":{"line":495,"column":50}},"type":"binary-expr","locations":[{"start":{"line":495,"column":22},"end":{"line":495,"column":39}},{"start":{"line":495,"column":43},"end":{"line":495,"column":50}}],"line":495},"71":{"loc":{"start":{"line":498,"column":4},"end":{"line":501,"column":5}},"type":"if","locations":[{"start":{"line":498,"column":4},"end":{"line":501,"column":5}},{"start":{},"end":{}}],"line":498},"72":{"loc":{"start":{"line":499,"column":22},"end":{"line":499,"column":50}},"type":"binary-expr","locations":[{"start":{"line":499,"column":22},"end":{"line":499,"column":39}},{"start":{"line":499,"column":43},"end":{"line":499,"column":50}}],"line":499},"73":{"loc":{"start":{"line":503,"column":4},"end":{"line":506,"column":5}},"type":"if","locations":[{"start":{"line":503,"column":4},"end":{"line":506,"column":5}},{"start":{},"end":{}}],"line":503},"74":{"loc":{"start":{"line":503,"column":8},"end":{"line":503,"column":56}},"type":"binary-expr","locations":[{"start":{"line":503,"column":8},"end":{"line":503,"column":30}},{"start":{"line":503,"column":34},"end":{"line":503,"column":56}}],"line":503},"75":{"loc":{"start":{"line":504,"column":22},"end":{"line":504,"column":54}},"type":"binary-expr","locations":[{"start":{"line":504,"column":22},"end":{"line":504,"column":39}},{"start":{"line":504,"column":43},"end":{"line":504,"column":54}}],"line":504},"76":{"loc":{"start":{"line":508,"column":4},"end":{"line":512,"column":5}},"type":"if","locations":[{"start":{"line":508,"column":4},"end":{"line":512,"column":5}},{"start":{},"end":{}}],"line":508},"77":{"loc":{"start":{"line":508,"column":8},"end":{"line":508,"column":39}},"type":"binary-expr","locations":[{"start":{"line":508,"column":8},"end":{"line":508,"column":18}},{"start":{"line":508,"column":22},"end":{"line":508,"column":39}}],"line":508},"78":{"loc":{"start":{"line":509,"column":26},"end":{"line":509,"column":68}},"type":"binary-expr","locations":[{"start":{"line":509,"column":26},"end":{"line":509,"column":43}},{"start":{"line":509,"column":47},"end":{"line":509,"column":60}},{"start":{"line":509,"column":64},"end":{"line":509,"column":68}}],"line":509},"79":{"loc":{"start":{"line":510,"column":22},"end":{"line":510,"column":54}},"type":"binary-expr","locations":[{"start":{"line":510,"column":22},"end":{"line":510,"column":39}},{"start":{"line":510,"column":43},"end":{"line":510,"column":54}}],"line":510},"80":{"loc":{"start":{"line":514,"column":4},"end":{"line":523,"column":5}},"type":"if","locations":[{"start":{"line":514,"column":4},"end":{"line":523,"column":5}},{"start":{},"end":{}}],"line":514},"81":{"loc":{"start":{"line":514,"column":8},"end":{"line":514,"column":110}},"type":"binary-expr","locations":[{"start":{"line":514,"column":8},"end":{"line":514,"column":28}},{"start":{"line":514,"column":32},"end":{"line":514,"column":56}},{"start":{"line":514,"column":60},"end":{"line":514,"column":84}},{"start":{"line":514,"column":88},"end":{"line":514,"column":110}}],"line":514},"82":{"loc":{"start":{"line":516,"column":8},"end":{"line":520,"column":40}},"type":"cond-expr","locations":[{"start":{"line":517,"column":12},"end":{"line":517,"column":40}},{"start":{"line":518,"column":12},"end":{"line":520,"column":40}}],"line":516},"83":{"loc":{"start":{"line":516,"column":8},"end":{"line":516,"column":29}},"type":"binary-expr","locations":[{"start":{"line":516,"column":8},"end":{"line":516,"column":16}},{"start":{"line":516,"column":20},"end":{"line":516,"column":29}}],"line":516},"84":{"loc":{"start":{"line":518,"column":12},"end":{"line":520,"column":40}},"type":"cond-expr","locations":[{"start":{"line":519,"column":12},"end":{"line":519,"column":27}},{"start":{"line":520,"column":12},"end":{"line":520,"column":40}}],"line":518},"85":{"loc":{"start":{"line":518,"column":12},"end":{"line":518,"column":82}},"type":"binary-expr","locations":[{"start":{"line":518,"column":12},"end":{"line":518,"column":21}},{"start":{"line":518,"column":25},"end":{"line":518,"column":54}},{"start":{"line":518,"column":58},"end":{"line":518,"column":82}}],"line":518},"86":{"loc":{"start":{"line":521,"column":22},"end":{"line":521,"column":96}},"type":"cond-expr","locations":[{"start":{"line":521,"column":33},"end":{"line":521,"column":83}},{"start":{"line":521,"column":86},"end":{"line":521,"column":96}}],"line":521},"87":{"loc":{"start":{"line":526,"column":6},"end":{"line":530,"column":35}},"type":"cond-expr","locations":[{"start":{"line":527,"column":10},"end":{"line":527,"column":33}},{"start":{"line":528,"column":10},"end":{"line":530,"column":35}}],"line":526},"88":{"loc":{"start":{"line":526,"column":6},"end":{"line":526,"column":76}},"type":"binary-expr","locations":[{"start":{"line":526,"column":6},"end":{"line":526,"column":15}},{"start":{"line":526,"column":19},"end":{"line":526,"column":48}},{"start":{"line":526,"column":52},"end":{"line":526,"column":76}}],"line":526},"89":{"loc":{"start":{"line":528,"column":10},"end":{"line":530,"column":35}},"type":"cond-expr","locations":[{"start":{"line":529,"column":10},"end":{"line":529,"column":35}},{"start":{"line":530,"column":10},"end":{"line":530,"column":35}}],"line":528},"90":{"loc":{"start":{"line":528,"column":10},"end":{"line":528,"column":71}},"type":"binary-expr","locations":[{"start":{"line":528,"column":10},"end":{"line":528,"column":36}},{"start":{"line":528,"column":40},"end":{"line":528,"column":71}}],"line":528},"91":{"loc":{"start":{"line":531,"column":21},"end":{"line":531,"column":70}},"type":"cond-expr","locations":[{"start":{"line":531,"column":32},"end":{"line":531,"column":60}},{"start":{"line":531,"column":63},"end":{"line":531,"column":70}}],"line":531},"92":{"loc":{"start":{"line":539,"column":15},"end":{"line":539,"column":46}},"type":"binary-expr","locations":[{"start":{"line":539,"column":15},"end":{"line":539,"column":29}},{"start":{"line":539,"column":33},"end":{"line":539,"column":46}}],"line":539},"93":{"loc":{"start":{"line":543,"column":2},"end":{"line":545,"column":3}},"type":"if","locations":[{"start":{"line":543,"column":2},"end":{"line":545,"column":3}},{"start":{},"end":{}}],"line":543},"94":{"loc":{"start":{"line":549,"column":4},"end":{"line":551,"column":5}},"type":"if","locations":[{"start":{"line":549,"column":4},"end":{"line":551,"column":5}},{"start":{},"end":{}}],"line":549},"95":{"loc":{"start":{"line":553,"column":4},"end":{"line":555,"column":5}},"type":"if","locations":[{"start":{"line":553,"column":4},"end":{"line":555,"column":5}},{"start":{},"end":{}}],"line":553},"96":{"loc":{"start":{"line":568,"column":15},"end":{"line":568,"column":46}},"type":"binary-expr","locations":[{"start":{"line":568,"column":15},"end":{"line":568,"column":29}},{"start":{"line":568,"column":33},"end":{"line":568,"column":46}}],"line":568},"97":{"loc":{"start":{"line":571,"column":19},"end":{"line":571,"column":33}},"type":"binary-expr","locations":[{"start":{"line":571,"column":19},"end":{"line":571,"column":27}},{"start":{"line":571,"column":31},"end":{"line":571,"column":33}}],"line":571},"98":{"loc":{"start":{"line":573,"column":2},"end":{"line":575,"column":3}},"type":"if","locations":[{"start":{"line":573,"column":2},"end":{"line":575,"column":3}},{"start":{},"end":{}}],"line":573},"99":{"loc":{"start":{"line":576,"column":2},"end":{"line":578,"column":3}},"type":"if","locations":[{"start":{"line":576,"column":2},"end":{"line":578,"column":3}},{"start":{},"end":{}}],"line":576},"100":{"loc":{"start":{"line":576,"column":6},"end":{"line":576,"column":39}},"type":"binary-expr","locations":[{"start":{"line":576,"column":6},"end":{"line":576,"column":11}},{"start":{"line":576,"column":15},"end":{"line":576,"column":39}}],"line":576},"101":{"loc":{"start":{"line":582,"column":4},"end":{"line":584,"column":5}},"type":"if","locations":[{"start":{"line":582,"column":4},"end":{"line":584,"column":5}},{"start":{},"end":{}}],"line":582},"102":{"loc":{"start":{"line":586,"column":4},"end":{"line":588,"column":5}},"type":"if","locations":[{"start":{"line":586,"column":4},"end":{"line":588,"column":5}},{"start":{},"end":{}}],"line":586},"103":{"loc":{"start":{"line":605,"column":6},"end":{"line":607,"column":7}},"type":"if","locations":[{"start":{"line":605,"column":6},"end":{"line":607,"column":7}},{"start":{},"end":{}}],"line":605},"104":{"loc":{"start":{"line":624,"column":27},"end":{"line":624,"column":52}},"type":"binary-expr","locations":[{"start":{"line":624,"column":27},"end":{"line":624,"column":47}},{"start":{"line":624,"column":51},"end":{"line":624,"column":52}}],"line":624},"105":{"loc":{"start":{"line":654,"column":0},"end":{"line":656,"column":1}},"type":"if","locations":[{"start":{"line":654,"column":0},"end":{"line":656,"column":1}},{"start":{},"end":{}}],"line":654}},"s":{"0":2,"1":2,"2":2,"3":2,"4":2,"5":2,"6":2,"7":2,"8":2,"9":2,"10":2,"11":2,"12":2,"13":0,"14":0,"15":0,"16":0,"17":0,"18":0,"19":0,"20":0,"21":0,"22":0,"23":0,"24":2,"25":2,"26":2,"27":2,"28":0,"29":2,"30":0,"31":0,"32":0,"33":0,"34":0,"35":0,"36":0,"37":0,"38":0,"39":0,"40":0,"41":0,"42":0,"43":0,"44":0,"45":0,"46":0,"47":0,"48":2,"49":2,"50":2,"51":2,"52":0,"53":2,"54":0,"55":0,"56":0,"57":0,"58":0,"59":0,"60":2,"61":2,"62":2,"63":2,"64":2,"65":2,"66":2,"67":0,"68":2,"69":0,"70":0,"71":0,"72":0,"73":0,"74":0,"75":0,"76":0,"77":0,"78":0,"79":0,"80":0,"81":0,"82":0,"83":0,"84":0,"85":0,"86":0,"87":0,"88":0,"89":0,"90":0,"91":0,"92":0,"93":0,"94":0,"95":0,"96":0,"97":0,"98":0,"99":0,"100":0,"101":0,"102":0,"103":0,"104":0,"105":0,"106":0,"107":0,"108":0,"109":2,"110":2,"111":2,"112":2,"113":2,"114":0,"115":2,"116":0,"117":0,"118":0,"119":0,"120":0,"121":0,"122":0,"123":0,"124":0,"125":0,"126":0,"127":0,"128":0,"129":0,"130":0,"131":0,"132":0,"133":0,"134":0,"135":0,"136":0,"137":0,"138":0,"139":0,"140":0,"141":0,"142":0,"143":0,"144":0,"145":0,"146":0,"147":0,"148":0,"149":0,"150":0,"151":0,"152":0,"153":0,"154":0,"155":0,"156":0,"157":0,"158":0,"159":0,"160":0,"161":0,"162":0,"163":0,"164":0,"165":0,"166":0,"167":0,"168":0,"169":0,"170":0,"171":0,"172":0,"173":0,"174":0,"175":0,"176":0,"177":0,"178":0,"179":0,"180":0,"181":0,"182":0,"183":0,"184":0,"185":0,"186":0,"187":0,"188":0,"189":0,"190":0,"191":0,"192":0,"193":0,"194":0,"195":0,"196":0,"197":0,"198":0,"199":0,"200":0,"201":0,"202":0,"203":0,"204":0,"205":0,"206":0,"207":0,"208":0,"209":0,"210":0,"211":0,"212":0,"213":0,"214":0,"215":0,"216":0,"217":0,"218":0,"219":0,"220":0,"221":0,"222":0,"223":0,"224":0,"225":0,"226":0,"227":0,"228":0,"229":0,"230":0,"231":0,"232":0,"233":0,"234":0,"235":0,"236":0,"237":0,"238":0,"239":0,"240":0,"241":0,"242":0,"243":0,"244":0,"245":0,"246":0,"247":0,"248":0,"249":0,"250":0,"251":0,"252":0,"253":0,"254":0,"255":0,"256":0,"257":0,"258":0,"259":0,"260":2,"261":0,"262":0,"263":0,"264":0,"265":0,"266":0,"267":0,"268":0,"269":0,"270":0,"271":0,"272":0,"273":0,"274":0,"275":0,"276":0,"277":0,"278":2,"279":0,"280":0,"281":0,"282":0,"283":0,"284":0,"285":0,"286":0,"287":0,"288":0,"289":0,"290":0,"291":0,"292":0,"293":0,"294":0,"295":0,"296":0,"297":0,"298":0,"299":0,"300":0,"301":0,"302":0,"303":0,"304":0,"305":0,"306":0,"307":0,"308":0,"309":0,"310":0,"311":0,"312":0,"313":2,"314":2,"315":0,"316":0,"317":0,"318":0,"319":0,"320":0,"321":0,"322":0,"323":2,"324":0,"325":2},"f":{"0":0,"1":0,"2":0,"3":0,"4":2,"5":0,"6":2,"7":0,"8":2,"9":0,"10":0,"11":0,"12":0,"13":0,"14":0,"15":0,"16":0,"17":0,"18":2,"19":0,"20":0,"21":0,"22":0,"23":0,"24":0,"25":0,"26":0,"27":0,"28":0,"29":0,"30":0,"31":0,"32":0,"33":0,"34":0,"35":0,"36":0,"37":0,"38":0,"39":0,"40":0,"41":0,"42":0,"43":0,"44":0,"45":0},"b":{"0":[0],"1":[0,0],"2":[0,0],"3":[0,0],"4":[0,0],"5":[0,0],"6":[0,0],"7":[0,0],"8":[0,0],"9":[0,0],"10":[2,1],"11":[2,0],"12":[2,0],"13":[0,0],"14":[0,0],"15":[0,0],"16":[0,0],"17":[0,0,0,0],"18":[0,0],"19":[0,0],"20":[0,0],"21":[0,0],"22":[0,0],"23":[2,0],"24":[0,0],"25":[0,0],"26":[0,0],"27":[0,0],"28":[0,0],"29":[0,0],"30":[0,0],"31":[0,0],"32":[0,0],"33":[0,0],"34":[0,0],"35":[0,0],"36":[0,0],"37":[0,0],"38":[0,0],"39":[0,0],"40":[0,0],"41":[0,0],"42":[0,0],"43":[0,0],"44":[0,0],"45":[0,0],"46":[0,0],"47":[0,0],"48":[0,0],"49":[0,0],"50":[0,0],"51":[0,0],"52":[0,0],"53":[0,0],"54":[0,0],"55":[0,0],"56":[0,0],"57":[0,0],"58":[0,0],"59":[0,0],"60":[0,0],"61":[0,0],"62":[0,0],"63":[0,0],"64":[0,0],"65":[0,0],"66":[0,0],"67":[0,0],"68":[0,0],"69":[0,0],"70":[0,0],"71":[0,0],"72":[0,0],"73":[0,0],"74":[0,0],"75":[0,0],"76":[0,0],"77":[0,0],"78":[0,0,0],"79":[0,0],"80":[0,0],"81":[0,0,0,0],"82":[0,0],"83":[0,0],"84":[0,0],"85":[0,0,0],"86":[0,0],"87":[0,0],"88":[0,0,0],"89":[0,0],"90":[0,0],"91":[0,0],"92":[0,0],"93":[0,0],"94":[0,0],"95":[0,0],"96":[0,0],"97":[0,0],"98":[0,0],"99":[0,0],"100":[0,0],"101":[0,0],"102":[0,0],"103":[0,0],"104":[0,0],"105":[0,2]},"_coverageSchema":"1a1c01bbd47fc00a2c39e90264f33305004495a9","hash":"599111f9ff5bde402e61d2f15c0bc7f08e0817e6"}
}
