TN:
SF:src/config.js
FNF:0
FNH:0
DA:1,3
DA:2,3
DA:4,3
DA:6,3
DA:15,3
LF:5
LH:5
BRDA:7,0,0,3
BRDA:7,0,1,0
BRDA:8,1,0,3
BRDA:8,1,1,0
BRDA:9,2,0,3
BRDA:9,2,1,0
BRDA:10,3,0,3
BRDA:10,3,1,0
BRDA:11,4,0,3
BRDA:11,4,1,0
BRDA:12,5,0,3
BRDA:12,5,1,0
BRF:12
BRH:6
end_of_record
TN:
SF:src/dbRole.js
FN:4,sanitizeIdentifier
FN:9,setRole
FNF:2
FNH:0
FNDA:0,sanitizeIdentifier
FNDA:0,setRole
DA:1,2
DA:2,2
DA:5,0
DA:6,0
DA:10,0
DA:11,0
DA:12,0
DA:13,0
DA:15,0
DA:16,0
DA:17,0
DA:18,0
DA:23,0
DA:26,0
DA:27,0
DA:31,2
LF:16
LH:3
BRDA:5,0,0,0
BRDA:5,0,1,0
BRDA:5,1,0,0
BRDA:5,1,1,0
BRDA:9,2,0,0
BRDA:10,3,0,0
BRDA:10,3,1,0
BRDA:12,4,0,0
BRDA:12,4,1,0
BRDA:17,5,0,0
BRDA:17,5,1,0
BRF:11
BRH:0
end_of_record
TN:
SF:src/nameMap.js
FN:43,resolveDisplayName
FNF:1
FNH:1
FNDA:6,resolveDisplayName
DA:2,4
DA:44,6
DA:45,5
DA:46,1
DA:49,4
LF:5
LH:5
BRDA:44,0,0,1
BRDA:44,0,1,5
BRDA:45,1,0,4
BRDA:45,1,1,1
BRDA:45,2,0,5
BRDA:45,2,1,4
BRF:6
BRH:6
end_of_record
TN:
SF:src/routinesService.js
FN:5,randomPhone
FN:9,randomId
FN:13,dateRangeExample
FN:17,(anonymous_3)
FN:21,normalizeOutputs
FN:22,(anonymous_5)
FN:25,pickActivePatient
FN:37,pickScheduleWithQuota
FN:51,(anonymous_8)
FN:54,pickPatientForSchedule
FN:69,pickEncounterWithUnbilledCharges
FN:83,pickInvoiceForPayment
FN:96,pickInvoiceForVoid
FN:109,pickRefundablePayment
FN:127,defaultExampleFromParams
FN:129,(anonymous_15)
FN:157,(anonymous_16)
FN:187,(anonymous_17)
FN:216,(anonymous_18)
FN:245,(anonymous_19)
FN:264,(anonymous_20)
FN:288,(anonymous_21)
FN:317,(anonymous_22)
FN:343,(anonymous_23)
FN:364,(anonymous_24)
FN:387,(anonymous_25)
FN:408,(anonymous_26)
FN:418,getRoutine
FN:421,(anonymous_28)
FN:424,normalizeParamValue
FN:436,validateParams
FN:438,(anonymous_31)
FN:449,cleanResultSets
FN:452,(anonymous_33)
FN:452,(anonymous_34)
FN:460,listRoutines
FN:461,(anonymous_36)
FN:471,buildRoutineExample
FN:476,(anonymous_38)
FN:486,executeRoutine
FN:492,(anonymous_40)
FN:494,(anonymous_41)
FN:497,(anonymous_42)
FN:498,(anonymous_43)
FN:509,(anonymous_44)
FNF:45
FNH:16
FNDA:0,randomPhone
FNDA:0,randomId
FNDA:0,dateRangeExample
FNDA:0,(anonymous_3)
FNDA:12,normalizeOutputs
FNDA:28,(anonymous_5)
FNDA:0,pickActivePatient
FNDA:0,pickScheduleWithQuota
FNDA:0,(anonymous_8)
FNDA:0,pickPatientForSchedule
FNDA:0,pickEncounterWithUnbilledCharges
FNDA:0,pickInvoiceForPayment
FNDA:0,pickInvoiceForVoid
FNDA:0,pickRefundablePayment
FNDA:0,defaultExampleFromParams
FNDA:0,(anonymous_15)
FNDA:0,(anonymous_16)
FNDA:0,(anonymous_17)
FNDA:0,(anonymous_18)
FNDA:0,(anonymous_19)
FNDA:0,(anonymous_20)
FNDA:0,(anonymous_21)
FNDA:0,(anonymous_22)
FNDA:0,(anonymous_23)
FNDA:0,(anonymous_24)
FNDA:0,(anonymous_25)
FNDA:0,(anonymous_26)
FNDA:3,getRoutine
FNDA:13,(anonymous_28)
FNDA:11,normalizeParamValue
FNDA:2,validateParams
FNDA:11,(anonymous_31)
FNDA:1,cleanResultSets
FNDA:0,(anonymous_33)
FNDA:0,(anonymous_34)
FNDA:1,listRoutines
FNDA:11,(anonymous_36)
FNDA:0,buildRoutineExample
FNDA:0,(anonymous_38)
FNDA:3,executeRoutine
FNDA:2,(anonymous_40)
FNDA:1,(anonymous_41)
FNDA:10,(anonymous_42)
FNDA:2,(anonymous_43)
FNDA:2,(anonymous_44)
DA:1,1
DA:2,1
DA:3,1
DA:6,0
DA:10,0
DA:14,0
DA:15,0
DA:16,0
DA:17,0
DA:18,0
DA:22,28
DA:26,0
DA:34,0
DA:38,0
DA:51,0
DA:55,0
DA:66,0
DA:70,0
DA:80,0
DA:84,0
DA:93,0
DA:97,0
DA:106,0
DA:110,0
DA:124,0
DA:128,0
DA:129,0
DA:130,0
DA:132,0
DA:135,1
DA:158,0
DA:159,0
DA:160,0
DA:188,0
DA:189,0
DA:190,0
DA:217,0
DA:218,0
DA:219,0
DA:220,0
DA:221,0
DA:228,0
DA:246,0
DA:247,0
DA:248,0
DA:265,0
DA:266,0
DA:267,0
DA:289,0
DA:290,0
DA:291,0
DA:295,0
DA:318,0
DA:319,0
DA:320,0
DA:321,0
DA:322,0
DA:344,0
DA:345,0
DA:365,0
DA:366,0
DA:388,0
DA:389,0
DA:409,0
DA:410,0
DA:419,3
DA:420,3
DA:421,13
DA:425,11
DA:426,2
DA:427,0
DA:428,0
DA:429,0
DA:431,0
DA:433,2
DA:437,2
DA:438,2
DA:439,11
DA:440,11
DA:441,11
DA:442,1
DA:444,10
DA:446,1
DA:450,1
DA:451,1
DA:452,0
DA:454,1
DA:455,0
DA:457,1
DA:461,11
DA:472,0
DA:473,0
DA:474,0
DA:476,0
DA:477,0
DA:478,0
DA:479,0
DA:481,0
DA:482,0
DA:487,3
DA:488,3
DA:489,1
DA:491,2
DA:492,2
DA:494,1
DA:495,1
DA:496,1
DA:497,10
DA:498,2
DA:500,1
DA:501,1
DA:507,1
DA:508,1
DA:509,2
DA:510,1
DA:511,1
DA:514,1
DA:521,1
LF:118
LH:43
BRDA:13,0,0,0
BRDA:22,1,0,12
BRDA:22,1,1,0
BRDA:22,2,0,0
BRDA:22,2,1,28
BRDA:34,3,0,0
BRDA:34,3,1,0
BRDA:66,4,0,0
BRDA:66,4,1,0
BRDA:80,5,0,0
BRDA:80,5,1,0
BRDA:93,6,0,0
BRDA:93,6,1,0
BRDA:106,7,0,0
BRDA:106,7,1,0
BRDA:124,8,0,0
BRDA:124,8,1,0
BRDA:130,9,0,0
BRDA:130,9,1,0
BRDA:130,10,0,0
BRDA:130,10,1,0
BRDA:189,11,0,0
BRDA:189,11,1,0
BRDA:220,12,0,0
BRDA:220,12,1,0
BRDA:247,13,0,0
BRDA:247,13,1,0
BRDA:266,14,0,0
BRDA:266,14,1,0
BRDA:290,15,0,0
BRDA:290,15,1,0
BRDA:293,16,0,0
BRDA:293,16,1,0
BRDA:293,17,0,0
BRDA:293,17,1,0
BRDA:319,18,0,0
BRDA:319,18,1,0
BRDA:320,19,0,0
BRDA:320,19,1,0
BRDA:320,20,0,0
BRDA:320,20,1,0
BRDA:420,21,0,0
BRDA:420,21,1,3
BRDA:421,22,0,3
BRDA:421,22,1,1
BRDA:425,23,0,9
BRDA:425,23,1,2
BRDA:426,24,0,0
BRDA:426,24,1,2
BRDA:428,25,0,0
BRDA:428,25,1,0
BRDA:429,26,0,0
BRDA:429,26,1,0
BRDA:439,27,0,11
BRDA:439,27,1,0
BRDA:441,28,0,1
BRDA:441,28,1,10
BRDA:441,29,0,11
BRDA:441,29,1,2
BRDA:441,29,2,1
BRDA:441,29,3,1
BRDA:442,30,0,1
BRDA:442,30,1,0
BRDA:450,31,0,0
BRDA:450,31,1,1
BRDA:451,32,0,0
BRDA:451,32,1,1
BRDA:454,33,0,0
BRDA:454,33,1,1
BRDA:454,34,0,1
BRDA:454,34,1,0
BRDA:471,35,0,0
BRDA:473,36,0,0
BRDA:473,36,1,0
BRDA:477,37,0,0
BRDA:477,37,1,0
BRDA:478,38,0,0
BRDA:478,38,1,0
BRDA:486,39,0,3
BRDA:488,40,0,1
BRDA:488,40,1,2
BRDA:495,41,0,1
BRDA:495,41,1,0
BRDA:508,42,0,1
BRDA:508,42,1,0
BRDA:511,43,0,1
BRDA:511,43,1,0
BRF:87
BRH:26
end_of_record
TN:
SF:src/schemaService.js
FN:15,loadSchemaObjects
FN:26,(anonymous_1)
FN:34,getObjectType
FN:36,(anonymous_3)
FN:40,normalizeRole
FN:44,normalizeObjectName
FN:48,buildMenu
FN:54,(anonymous_7)
FN:60,(anonymous_8)
FN:66,(anonymous_9)
FN:72,(anonymous_10)
FN:75,isObjectAllowed
FN:84,accessModeFor
FN:92,canInsert
FNF:14
FNH:7
FNDA:2,loadSchemaObjects
FNDA:2,(anonymous_1)
FNDA:0,getObjectType
FNDA:0,(anonymous_3)
FNDA:2,normalizeRole
FNDA:0,normalizeObjectName
FNDA:2,buildMenu
FNDA:2,(anonymous_7)
FNDA:1,(anonymous_8)
FNDA:1,(anonymous_9)
FNDA:0,(anonymous_10)
FNDA:0,isObjectAllowed
FNDA:0,accessModeFor
FNDA:0,canInsert
DA:1,1
DA:2,1
DA:3,1
DA:10,1
DA:11,1
DA:13,1
DA:16,2
DA:17,1
DA:26,2
DA:31,1
DA:35,0
DA:36,0
DA:37,0
DA:41,2
DA:45,0
DA:49,2
DA:50,2
DA:52,2
DA:53,1
DA:54,2
DA:60,1
DA:63,1
DA:64,1
DA:65,1
DA:66,1
DA:67,1
DA:68,1
DA:69,1
DA:70,1
DA:72,1
DA:76,0
DA:77,0
DA:78,0
DA:79,0
DA:80,0
DA:81,0
DA:85,0
DA:86,0
DA:87,0
DA:88,0
DA:89,0
DA:93,0
DA:94,0
DA:95,0
DA:96,0
DA:97,0
DA:100,1
LF:47
LH:27
BRDA:16,0,0,1
BRDA:16,0,1,1
BRDA:28,1,0,1
BRDA:28,1,1,1
BRDA:29,2,0,2
BRDA:29,2,1,0
BRDA:37,3,0,0
BRDA:37,3,1,0
BRDA:41,4,0,2
BRDA:41,4,1,0
BRDA:41,5,0,2
BRDA:41,5,1,2
BRDA:45,6,0,0
BRDA:45,6,1,0
BRDA:45,7,0,0
BRDA:45,7,1,0
BRDA:52,8,0,1
BRDA:52,8,1,1
BRDA:52,9,0,2
BRDA:52,9,1,1
BRDA:66,10,0,1
BRDA:66,10,1,0
BRDA:67,11,0,1
BRDA:67,11,1,0
BRDA:69,12,0,0
BRDA:69,12,1,1
BRDA:78,13,0,0
BRDA:78,13,1,0
BRDA:79,14,0,0
BRDA:79,14,1,0
BRDA:79,15,0,0
BRDA:79,15,1,0
BRDA:86,16,0,0
BRDA:86,16,1,0
BRDA:86,17,0,0
BRDA:86,17,1,0
BRDA:88,18,0,0
BRDA:88,18,1,0
BRDA:89,19,0,0
BRDA:89,19,1,0
BRDA:94,20,0,0
BRDA:94,20,1,0
BRDA:94,21,0,0
BRDA:94,21,1,0
BRDA:96,22,0,0
BRDA:96,22,1,0
BRF:46
BRH:15
end_of_record
TN:
SF:src/server.js
FN:24,nowStrings
FN:26,(anonymous_1)
FN:33,displayNameFor
FN:35,(anonymous_3)
FN:39,(anonymous_4)
FN:48,(anonymous_5)
FN:73,(anonymous_6)
FN:82,(anonymous_7)
FN:93,(anonymous_8)
FN:105,(anonymous_9)
FN:127,(anonymous_10)
FN:140,(anonymous_11)
FN:142,(anonymous_12)
FN:143,(anonymous_13)
FN:153,(anonymous_14)
FN:156,(anonymous_15)
FN:160,(anonymous_16)
FN:163,(anonymous_17)
FN:182,(anonymous_18)
FN:192,(anonymous_19)
FN:214,(anonymous_20)
FN:276,fetchForeignKeys
FN:288,(anonymous_22)
FN:294,pickReferencedValue
FN:309,pickAvailableBed
FN:329,pickPendingLabOrderItem
FN:344,pickActiveStaff
FN:352,fetchUniqueColumns
FN:370,(anonymous_28)
FN:373,fetchSampleRow
FN:383,buildInsertExample
FN:406,(anonymous_31)
FN:407,(anonymous_32)
FN:428,(anonymous_33)
FN:538,(anonymous_34)
FN:557,(anonymous_35)
FN:567,(anonymous_36)
FN:590,(anonymous_37)
FN:603,(anonymous_38)
FN:604,(anonymous_39)
FN:609,(anonymous_40)
FN:610,(anonymous_41)
FN:612,(anonymous_42)
FN:637,(anonymous_43)
FN:641,bootstrap
FN:645,(anonymous_45)
FNF:46
FNH:4
FNDA:0,nowStrings
FNDA:0,(anonymous_1)
FNDA:0,displayNameFor
FNDA:0,(anonymous_3)
FNDA:2,(anonymous_4)
FNDA:0,(anonymous_5)
FNDA:2,(anonymous_6)
FNDA:0,(anonymous_7)
FNDA:2,(anonymous_8)
FNDA:0,(anonymous_9)
FNDA:0,(anonymous_10)
FNDA:0,(anonymous_11)
FNDA:0,(anonymous_12)
FNDA:0,(anonymous_13)
FNDA:0,(anonymous_14)
FNDA:0,(anonymous_15)
FNDA:0,(anonymous_16)
FNDA:0,(anonymous_17)
FNDA:2,(anonymous_18)
FNDA:0,(anonymous_19)
FNDA:0,(anonymous_20)
FNDA:0,fetchForeignKeys
FNDA:0,(anonymous_22)
FNDA:0,pickReferencedValue
FNDA:0,pickAvailableBed
FNDA:0,pickPendingLabOrderItem
FNDA:0,pickActiveStaff
FNDA:0,fetchUniqueColumns
FNDA:0,(anonymous_28)
FNDA:0,fetchSampleRow
FNDA:0,buildInsertExample
FNDA:0,(anonymous_31)
FNDA:0,(anonymous_32)
FNDA:0,(anonymous_33)
FNDA:0,(anonymous_34)
FNDA:0,(anonymous_35)
FNDA:0,(anonymous_36)
FNDA:0,(anonymous_37)
FNDA:0,(anonymous_38)
FNDA:0,(anonymous_39)
FNDA:0,(anonymous_40)
FNDA:0,(anonymous_41)
FNDA:0,(anonymous_42)
FNDA:0,(anonymous_43)
FNDA:0,bootstrap
FNDA:0,(anonymous_45)
DA:1,2
DA:2,2
DA:3,2
DA:4,2
DA:5,2
DA:6,2
DA:15,2
DA:16,2
DA:17,2
DA:18,2
DA:20,2
DA:21,2
DA:22,2
DA:25,0
DA:26,0
DA:27,0
DA:28,0
DA:29,0
DA:30,0
DA:34,0
DA:35,0
DA:36,0
DA:39,2
DA:40,2
DA:41,2
DA:42,2
DA:44,0
DA:48,2
DA:49,0
DA:50,0
DA:52,0
DA:53,0
DA:54,0
DA:55,0
DA:56,0
DA:57,0
DA:58,0
DA:59,0
DA:60,0
DA:61,0
DA:62,0
DA:63,0
DA:65,0
DA:67,0
DA:69,0
DA:73,2
DA:74,2
DA:75,2
DA:76,2
DA:78,0
DA:82,2
DA:83,0
DA:84,0
DA:85,0
DA:86,0
DA:87,0
DA:89,0
DA:93,2
DA:94,2
DA:95,2
DA:96,2
DA:97,2
DA:98,2
DA:99,2
DA:101,0
DA:105,2
DA:106,0
DA:107,0
DA:108,0
DA:109,0
DA:110,0
DA:112,0
DA:113,0
DA:114,0
DA:117,0
DA:118,0
DA:119,0
DA:120,0
DA:122,0
DA:123,0
DA:124,0
DA:127,0
DA:128,0
DA:130,0
DA:140,0
DA:142,0
DA:143,0
DA:145,0
DA:146,0
DA:148,0
DA:149,0
DA:152,0
DA:153,0
DA:155,0
DA:156,0
DA:159,0
DA:160,0
DA:161,0
DA:163,0
DA:164,0
DA:167,0
DA:175,0
DA:178,0
DA:182,2
DA:183,2
DA:184,2
DA:185,2
DA:186,2
DA:188,0
DA:192,2
DA:193,0
DA:194,0
DA:195,0
DA:196,0
DA:197,0
DA:199,0
DA:200,0
DA:203,0
DA:204,0
DA:205,0
DA:206,0
DA:208,0
DA:209,0
DA:210,0
DA:212,0
DA:214,0
DA:215,0
DA:217,0
DA:230,0
DA:238,0
DA:239,0
DA:240,0
DA:244,0
DA:246,0
DA:249,0
DA:250,0
DA:252,0
DA:272,0
DA:277,0
DA:287,0
DA:288,0
DA:289,0
DA:291,0
DA:295,0
DA:296,0
DA:297,0
DA:298,0
DA:299,0
DA:303,0
DA:305,0
DA:310,0
DA:326,0
DA:330,0
DA:341,0
DA:345,0
DA:349,0
DA:353,0
DA:370,0
DA:374,0
DA:375,0
DA:376,0
DA:380,0
DA:384,0
DA:396,0
DA:397,0
DA:398,0
DA:399,0
DA:400,0
DA:401,0
DA:404,0
DA:405,0
DA:406,0
DA:407,0
DA:408,0
DA:412,0
DA:413,0
DA:415,0
DA:416,0
DA:417,0
DA:418,0
DA:419,0
DA:420,0
DA:421,0
DA:422,0
DA:424,0
DA:428,0
DA:431,0
DA:432,0
DA:435,0
DA:436,0
DA:437,0
DA:438,0
DA:439,0
DA:441,0
DA:442,0
DA:444,0
DA:445,0
DA:446,0
DA:448,0
DA:449,0
DA:450,0
DA:452,0
DA:453,0
DA:454,0
DA:456,0
DA:457,0
DA:458,0
DA:460,0
DA:461,0
DA:462,0
DA:466,0
DA:467,0
DA:468,0
DA:469,0
DA:471,0
DA:472,0
DA:473,0
DA:475,0
DA:476,0
DA:477,0
DA:478,0
DA:479,0
DA:484,0
DA:485,0
DA:486,0
DA:487,0
DA:490,0
DA:491,0
DA:492,0
DA:494,0
DA:495,0
DA:496,0
DA:498,0
DA:499,0
DA:500,0
DA:503,0
DA:504,0
DA:505,0
DA:508,0
DA:509,0
DA:510,0
DA:511,0
DA:514,0
DA:516,0
DA:521,0
DA:522,0
DA:526,0
DA:531,0
DA:532,0
DA:535,0
DA:538,2
DA:539,0
DA:540,0
DA:541,0
DA:543,0
DA:544,0
DA:547,0
DA:548,0
DA:549,0
DA:550,0
DA:552,0
DA:553,0
DA:554,0
DA:557,0
DA:558,0
DA:559,0
DA:560,0
DA:563,0
DA:567,2
DA:568,0
DA:569,0
DA:570,0
DA:571,0
DA:573,0
DA:574,0
DA:576,0
DA:577,0
DA:580,0
DA:581,0
DA:582,0
DA:583,0
DA:585,0
DA:586,0
DA:587,0
DA:590,0
DA:591,0
DA:593,0
DA:603,0
DA:604,0
DA:605,0
DA:606,0
DA:609,0
DA:610,0
DA:611,0
DA:612,0
DA:613,0
DA:616,0
DA:624,0
DA:627,0
DA:631,2
DA:637,2
DA:638,0
DA:642,0
DA:643,0
DA:644,0
DA:645,0
DA:646,0
DA:649,0
DA:650,0
DA:654,2
DA:655,0
DA:658,2
LF:312
LH:43
BRDA:24,0,0,0
BRDA:26,1,0,0
BRDA:26,1,1,0
BRDA:36,2,0,0
BRDA:36,2,1,0
BRDA:50,3,0,0
BRDA:50,3,1,0
BRDA:54,4,0,0
BRDA:54,4,1,0
BRDA:56,5,0,0
BRDA:56,5,1,0
BRDA:58,6,0,0
BRDA:58,6,1,0
BRDA:60,7,0,0
BRDA:60,7,1,0
BRDA:62,8,0,0
BRDA:62,8,1,0
BRDA:83,9,0,0
BRDA:83,9,1,0
BRDA:94,10,0,2
BRDA:94,10,1,1
BRDA:96,11,0,2
BRDA:96,11,1,0
BRDA:98,12,0,2
BRDA:98,12,1,0
BRDA:106,13,0,0
BRDA:106,13,1,0
BRDA:109,14,0,0
BRDA:109,14,1,0
BRDA:112,15,0,0
BRDA:112,15,1,0
BRDA:113,16,0,0
BRDA:113,16,1,0
BRDA:113,17,0,0
BRDA:113,17,1,0
BRDA:113,17,2,0
BRDA:113,17,3,0
BRDA:119,18,0,0
BRDA:119,18,1,0
BRDA:123,19,0,0
BRDA:123,19,1,0
BRDA:145,20,0,0
BRDA:145,20,1,0
BRDA:148,21,0,0
BRDA:148,21,1,0
BRDA:175,22,0,0
BRDA:175,22,1,0
BRDA:183,23,0,2
BRDA:183,23,1,0
BRDA:193,24,0,0
BRDA:193,24,1,0
BRDA:196,25,0,0
BRDA:196,25,1,0
BRDA:197,26,0,0
BRDA:197,26,1,0
BRDA:199,27,0,0
BRDA:199,27,1,0
BRDA:205,28,0,0
BRDA:205,28,1,0
BRDA:209,29,0,0
BRDA:209,29,1,0
BRDA:244,30,0,0
BRDA:244,30,1,0
BRDA:297,31,0,0
BRDA:297,31,1,0
BRDA:297,32,0,0
BRDA:297,32,1,0
BRDA:303,33,0,0
BRDA:303,33,1,0
BRDA:326,34,0,0
BRDA:326,34,1,0
BRDA:341,35,0,0
BRDA:341,35,1,0
BRDA:349,36,0,0
BRDA:349,36,1,0
BRDA:375,37,0,0
BRDA:375,37,1,0
BRDA:380,38,0,0
BRDA:380,38,1,0
BRDA:407,39,0,0
BRDA:407,39,1,0
BRDA:417,40,0,0
BRDA:417,40,1,0
BRDA:418,41,0,0
BRDA:418,41,1,0
BRDA:419,42,0,0
BRDA:419,42,1,0
BRDA:420,43,0,0
BRDA:420,43,1,0
BRDA:422,44,0,0
BRDA:422,44,1,0
BRDA:424,45,0,0
BRDA:424,45,1,0
BRDA:424,46,0,0
BRDA:424,46,1,0
BRDA:431,47,0,0
BRDA:431,47,1,0
BRDA:435,48,0,0
BRDA:435,48,1,0
BRDA:436,49,0,0
BRDA:436,49,1,0
BRDA:438,50,0,0
BRDA:438,50,1,0
BRDA:444,51,0,0
BRDA:444,51,1,0
BRDA:448,52,0,0
BRDA:448,52,1,0
BRDA:452,53,0,0
BRDA:452,53,1,0
BRDA:456,54,0,0
BRDA:456,54,1,0
BRDA:460,55,0,0
BRDA:460,55,1,0
BRDA:466,56,0,0
BRDA:466,56,1,0
BRDA:467,57,0,0
BRDA:467,57,1,0
BRDA:471,58,0,0
BRDA:471,58,1,0
BRDA:475,59,0,0
BRDA:475,59,1,0
BRDA:477,60,0,0
BRDA:477,60,1,0
BRDA:477,61,0,0
BRDA:477,61,1,0
BRDA:484,62,0,0
BRDA:484,62,1,0
BRDA:486,63,0,0
BRDA:486,63,1,0
BRDA:486,64,0,0
BRDA:486,64,1,0
BRDA:486,65,0,0
BRDA:486,65,1,0
BRDA:490,66,0,0
BRDA:490,66,1,0
BRDA:490,67,0,0
BRDA:490,67,1,0
BRDA:491,68,0,0
BRDA:491,68,1,0
BRDA:494,69,0,0
BRDA:494,69,1,0
BRDA:495,70,0,0
BRDA:495,70,1,0
BRDA:498,71,0,0
BRDA:498,71,1,0
BRDA:499,72,0,0
BRDA:499,72,1,0
BRDA:503,73,0,0
BRDA:503,73,1,0
BRDA:503,74,0,0
BRDA:503,74,1,0
BRDA:504,75,0,0
BRDA:504,75,1,0
BRDA:508,76,0,0
BRDA:508,76,1,0
BRDA:508,77,0,0
BRDA:508,77,1,0
BRDA:509,78,0,0
BRDA:509,78,1,0
BRDA:509,78,2,0
BRDA:510,79,0,0
BRDA:510,79,1,0
BRDA:514,80,0,0
BRDA:514,80,1,0
BRDA:514,81,0,0
BRDA:514,81,1,0
BRDA:514,81,2,0
BRDA:514,81,3,0
BRDA:516,82,0,0
BRDA:516,82,1,0
BRDA:516,83,0,0
BRDA:516,83,1,0
BRDA:518,84,0,0
BRDA:518,84,1,0
BRDA:518,85,0,0
BRDA:518,85,1,0
BRDA:518,85,2,0
BRDA:521,86,0,0
BRDA:521,86,1,0
BRDA:526,87,0,0
BRDA:526,87,1,0
BRDA:526,88,0,0
BRDA:526,88,1,0
BRDA:526,88,2,0
BRDA:528,89,0,0
BRDA:528,89,1,0
BRDA:528,90,0,0
BRDA:528,90,1,0
BRDA:531,91,0,0
BRDA:531,91,1,0
BRDA:539,92,0,0
BRDA:539,92,1,0
BRDA:543,93,0,0
BRDA:543,93,1,0
BRDA:549,94,0,0
BRDA:549,94,1,0
BRDA:553,95,0,0
BRDA:553,95,1,0
BRDA:568,96,0,0
BRDA:568,96,1,0
BRDA:571,97,0,0
BRDA:571,97,1,0
BRDA:573,98,0,0
BRDA:573,98,1,0
BRDA:576,99,0,0
BRDA:576,99,1,0
BRDA:576,100,0,0
BRDA:576,100,1,0
BRDA:582,101,0,0
BRDA:582,101,1,0
BRDA:586,102,0,0
BRDA:586,102,1,0
BRDA:605,103,0,0
BRDA:605,103,1,0
BRDA:624,104,0,0
BRDA:624,104,1,0
BRDA:654,105,0,0
BRDA:654,105,1,2
BRF:218
BRH:6
end_of_record
